<?xml version="1.0" encoding="UTF-8"?>
<!-- Generated by org.testng.reporters.JUnitXMLReporter -->
<testsuite ignored="0" hostname="Jeffins-MBP" failures="0" tests="11" name="CartTests" time="106.461" errors="0" timestamp="2025-09-30T18:58:27 EDT">
  <testcase classname="testCases.Cart.TC_001_CART" name="testAddToCart_Macbook_AddToCart_SuccessMessage" time="0.888"/>
  <testcase classname="testCases.Cart.TC_002_CART" name="testAddToCart_Macbook_AddToCart_QuantityAndPrice" time="3.778"/>
  <testcase classname="testCases.Cart.TC_003_CART" name="testAddToCart_iPhone_AddToCart_SuccessMessage" time="0.739"/>
  <testcase classname="testCases.Cart.TC_004_CART" name="testAddToCart_iPhone_AddToCart_QuantityAndPrice" time="3.586"/>
  <testcase classname="testCases.Cart.TC_005_CART" name="testAddToCart_Macbook_RemoveFromCart_QuantityAndPrice" time="1.749"/>
  <testcase classname="testCases.Cart.TC_006_CART" name="testAddToCart_iPhone_RemoveFromCart_QuantityAndPrice" time="1.776"/>
  <testcase classname="testCases.Cart.TC_007_CART" name="testAddToCart_Macbook_iPhone_QuantityAndPrice" time="6.723"/>
  <testcase classname="testCases.Cart.TC_008_CART" name="testAddToCart_Macbook_iPhone_RemoveFromCart_QuantityAndPrice" time="13.537"/>
  <testcase classname="testCases.Cart.TC_009_CART" name="testAddToCart_Macbook_ViewCartDetails" time="4.527"/>
  <testcase classname="testCases.Cart.TC_010_CART" name="testAddToCart_iPhone_ViewCartDetails" time="4.302"/>
  <testcase classname="testCases.Cart.TC_011_CART" name="testAddToCart_MacBookiPhone_ViewCartDetails" time="7.697"/>
</testsuite> <!-- CartTests -->
