<?xml version="1.0" encoding="UTF-8"?>
<!-- Generated by org.testng.reporters.JUnitXMLReporter -->
<testsuite ignored="0" hostname="Jeffins-MBP" failures="0" tests="6" name="CartTests" time="47.729" errors="0" timestamp="2025-09-23T17:05:59 EDT">
  <testcase classname="testCases.Cart.TC_CART_001" name="testAddToCart_Macbook_AddToCart_SuccessMessage" time="0.93"/>
  <testcase classname="testCases.Cart.TC_CART_002" name="testAddToCart_Macbook_AddToCart_QuantityAndPrice" time="0.767"/>
  <testcase classname="testCases.Cart.TC_CART_003" name="testAddToCart_iPhone_AddToCart_SuccessMessage" time="0.816"/>
  <testcase classname="testCases.Cart.TC_CART_004" name="testAddToCart_iPhone_AddToCart_QuantityAndPrice" time="0.798"/>
  <testcase classname="testCases.Cart.TC_CART_005" name="testAddToCart_Macbook_RemoveFromCart_QuantityAndPrice" time="2.146"/>
  <testcase classname="testCases.Cart.TC_CART_006" name="testAddToCart_iPhone_RemoveFromCart_QuantityAndPrice" time="1.999"/>
</testsuite> <!-- CartTests -->
