<?xml version="1.0" encoding="UTF-8"?>
<!-- Generated by org.testng.reporters.JUnitXMLReporter -->
<testsuite ignored="0" hostname="Jeffins-MBP" failures="1" tests="45" name="HomePageTests" time="278.042" errors="0" timestamp="2025-09-10T11:58:33 EDT">
  <testcase classname="testCases.Homepage.TC_001_HOMEPAGE" name="testPageURLTitle" time="0.099"/>
  <testcase classname="testCases.Homepage.TC_002_HOMEPAGE" name="testLogoVisibilityAndText" time="0.143"/>
  <testcase classname="testCases.Homepage.TC_003_HOMEPAGE" name="testCurrencyDropDownElementVisibilityAndText_HeaderUI" time="0.447"/>
  <testcase classname="testCases.Homepage.TC_004_HOMEPAGE" name="testPhoneElementVisibilityAndText_HeaderUI" time="0.151"/>
  <testcase classname="testCases.Homepage.TC_005_HOMEPAGE" name="testMyAccountDropDownElementVisibilityAndText_HeaderUI" time="0.402"/>
  <testcase classname="testCases.Homepage.TC_006_HOMEPAGE" name="testWishListElementVisibiityAndText_HeaderUI" time="0.16"/>
  <testcase classname="testCases.Homepage.TC_007_HOMEPAGE" name="testShoppingCartElementVisibilityAndText_HeaderUI" time="0.147"/>
  <testcase classname="testCases.Homepage.TC_008_HOMEPAGE" name="testCheckoutElementVisibilityAndText_HeaderUI" time="0.15"/>
  <testcase classname="testCases.Homepage.TC_009_HOMEPAGE" name="testSearchBarVisibility_HeaderUI" time="0.121"/>
  <testcase classname="testCases.Homepage.TC_010_HOMEPAGE" name="testSearchBarPlaceholderTextVisibility_HeaderUI" time="0.079"/>
  <testcase classname="testCases.Homepage.TC_011_HOMEPAGE" name="testShoppingCartButtonLabelTextVisibility_NoItems_Header_UI" time="0.062"/>
  <testcase classname="testCases.Homepage.TC_012_HOMEPAGE" name="testNavLinksTextVisibility" time="0.291"/>
  <testcase classname="testCases.Homepage.TC_013_HOMEPAGE" name="testNavDropdownLinksVisibility_Desktops_HeaderUI" time="0.254"/>
  <testcase classname="testCases.Homepage.TC_013_HOMEPAGE" name="testNavDropdownLinksVisibility_LaptopsNotebooks_HeaderUI" time="0.42"/>
  <testcase classname="testCases.Homepage.TC_013_HOMEPAGE" name="testNavDropdownLinksVisibility_Components_HeaderUI" time="0.366"/>
  <testcase classname="testCases.Homepage.TC_013_HOMEPAGE" name="testNavDropdownLinksVisibility_MP3Players_HeaderUI" time="0.494"/>
  <testcase classname="testCases.Homepage.TC_014_HOMEPAGE" name="testImageGalleryPicturesVisibility_MacBookAir" time="1.876"/>
  <testcase classname="testCases.Homepage.TC_014_HOMEPAGE" name="testImageGalleryPicturesVisibility_iPhone" time="72.803">
    <failure type="java.lang.AssertionError" message="expected [true] but found [false]">
      <![CDATA[java.lang.AssertionError: expected [true] but found [false]
at testCases.Homepage.TC_014_HOMEPAGE.testImageGalleryPicturesVisibility_iPhone(TC_014_HOMEPAGE.java:15)
at java.base/java.util.ArrayList.forEach(ArrayList.java:1597)
... Removed 29 stack frames]]>
    </failure>
  </testcase> <!-- testImageGalleryPicturesVisibility_iPhone -->
  <testcase classname="testCases.Homepage.TC_015_HOMEPAGE" name="testFeaturedHeadingVisibilityAndText" time="0.109"/>
  <testcase classname="testCases.Homepage.TC_016_HOMEPAGE" name="testFeaturedSectionElementsVisibility_Images" time="0.083"/>
  <testcase classname="testCases.Homepage.TC_016_HOMEPAGE" name="testFeaturedSectionElements_Images_Caption" time="0.073"/>
  <testcase classname="testCases.Homepage.TC_016_HOMEPAGE" name="testFeaturedSectionElements_Images_OldPrice" time="0.041"/>
  <testcase classname="testCases.Homepage.TC_016_HOMEPAGE" name="testFeaturedSectionElements_Images_Price" time="0.057"/>
  <testcase classname="testCases.Homepage.TC_016_HOMEPAGE" name="testFeaturedSectionElements_Images_TaxPrice" time="0.054"/>
  <testcase classname="testCases.Homepage.TC_016_HOMEPAGE" name="testFeaturedSectionElements_Images_Title" time="0.037"/>
  <testcase classname="testCases.Homepage.TC_016_HOMEPAGE" name="testFeaturedSectionElements_Images_URL" time="0.055"/>
  <testcase classname="testCases.Homepage.TC_017_HOMEPAGE" name="testFeaturedAddToCartButtonVisibility" time="4.133"/>
  <testcase classname="testCases.Homepage.TC_017_HOMEPAGE" name="testFeaturedAddToWishListButtonVisibility" time="4.156"/>
  <testcase classname="testCases.Homepage.TC_017_HOMEPAGE" name="testFeaturedCompareThisProductButtonVisibility" time="4.082"/>
  <testcase classname="testCases.Homepage.TC_019_HOMEPAGE" name="testFooterHeadingsText" time="0.09"/>
  <testcase classname="testCases.Homepage.TC_019_HOMEPAGE" name="testFooterHeadingsVisibility" time="1.056"/>
  <testcase classname="testCases.Homepage.TC_020_HOMEPAGE" name="testFooterHyperlinksText" time="0.214"/>
  <testcase classname="testCases.Homepage.TC_020_HOMEPAGE" name="testFooterHyperlinksVisibility" time="1.081"/>
  <testcase classname="testCases.Homepage.TC_021_HOMEPAGE" name="testDesktopsMenuPageRedirection_PC" time="3.456"/>
  <testcase classname="testCases.Homepage.TC_021_HOMEPAGE" name="testDesktopsMenuPageRedirection_Mac" time="3.588"/>
  <testcase classname="testCases.Homepage.TC_021_HOMEPAGE" name="testDesktopsMenuPageRedirection_Desktops" time="3.428"/>
  <testcase classname="testCases.Homepage.TC_022_HOMEPAGE" name="testLaptopsNotebooksMenuPageRedirection_Macs" time="3.455"/>
  <testcase classname="testCases.Homepage.TC_022_HOMEPAGE" name="testLaptopsNotebooksMenuPageRedirection_Windows" time="3.382"/>
  <testcase classname="testCases.Homepage.TC_022_HOMEPAGE" name="testLaptopsNotebooksMenuPageRedirection_LaptopsNotebooks" time="3.389"/>
  <testcase classname="testCases.Homepage.TC_023_HOMEPAGE" name="testComponentsMenuPageRedirection_MiceTrackballs" time="3.462"/>
  <testcase classname="testCases.Homepage.TC_023_HOMEPAGE" name="testComponentsMenuPageRedirection_Monitors" time="3.458"/>
  <testcase classname="testCases.Homepage.TC_023_HOMEPAGE" name="testComponentsMenuPageRedirection_Printers" time="3.704"/>
  <testcase classname="testCases.Homepage.TC_023_HOMEPAGE" name="testComponentsMenuPageRedirection_Scanners" time="3.433"/>
  <testcase classname="testCases.Homepage.TC_023_HOMEPAGE" name="testComponentsMenuPageRedirection_WebCameras" time="3.422"/>
  <testcase classname="testCases.Homepage.TC_023_HOMEPAGE" name="testComponentsMenuPageRedirection_Components" time="3.404"/>
</testsuite> <!-- HomePageTests -->
