<?xml version="1.0" encoding="UTF-8"?>
<!-- Generated by org.testng.reporters.JUnitXMLReporter -->
<testsuite ignored="0" hostname="Jeffins-MBP" failures="0" tests="44" name="HomePageTests" time="169.409" errors="0" timestamp="2025-09-22T20:47:00 EDT">
  <testcase classname="testCases.Homepage.TC_001_HOMEPAGE" name="testPageURLTitle" time="0.117"/>
  <testcase classname="testCases.Homepage.TC_002_HOMEPAGE" name="testLogoVisibilityAndText" time="0.152"/>
  <testcase classname="testCases.Homepage.TC_003_HOMEPAGE" name="testCurrencyDropDownElementVisibilityAndText_HeaderUI" time="0.436"/>
  <testcase classname="testCases.Homepage.TC_004_HOMEPAGE" name="testPhoneElementVisibilityAndText_HeaderUI" time="0.181"/>
  <testcase classname="testCases.Homepage.TC_005_HOMEPAGE" name="testMyAccountDropDownElementVisibilityAndText_HeaderUI" time="0.384"/>
  <testcase classname="testCases.Homepage.TC_006_HOMEPAGE" name="testWishListElementVisibiityAndText_HeaderUI" time="0.182"/>
  <testcase classname="testCases.Homepage.TC_007_HOMEPAGE" name="testShoppingCartElementVisibilityAndText_HeaderUI" time="0.171"/>
  <testcase classname="testCases.Homepage.TC_008_HOMEPAGE" name="testCheckoutElementVisibilityAndText_HeaderUI" time="0.155"/>
  <testcase classname="testCases.Homepage.TC_009_HOMEPAGE" name="testSearchBarVisibility_HeaderUI" time="0.149"/>
  <testcase classname="testCases.Homepage.TC_010_HOMEPAGE" name="testSearchBarPlaceholderTextVisibility_HeaderUI" time="0.049"/>
  <testcase classname="testCases.Homepage.TC_011_HOMEPAGE" name="testShoppingCartButtonLabelTextVisibility_NoItems_Header_UI" time="0.054"/>
  <testcase classname="testCases.Homepage.TC_012_HOMEPAGE" name="testNavLinksTextVisibility" time="0.279"/>
  <testcase classname="testCases.Homepage.TC_013_HOMEPAGE" name="testNavDropdownLinksVisibility_Desktops_HeaderUI" time="0.273"/>
  <testcase classname="testCases.Homepage.TC_013_HOMEPAGE" name="testNavDropdownLinksVisibility_LaptopsNotebooks_HeaderUI" time="0.189"/>
  <testcase classname="testCases.Homepage.TC_013_HOMEPAGE" name="testNavDropdownLinksVisibility_Components_HeaderUI" time="0.191"/>
  <testcase classname="testCases.Homepage.TC_013_HOMEPAGE" name="testNavDropdownLinksVisibility_MP3Players_HeaderUI" time="0.309"/>
  <testcase classname="testCases.Homepage.TC_014_HOMEPAGE" name="testImageGalleryPicturesVisibility_MacBookAir" time="2.328"/>
  <testcase classname="testCases.Homepage.TC_015_HOMEPAGE" name="testFeaturedHeadingVisibilityAndText" time="0.087"/>
  <testcase classname="testCases.Homepage.TC_016_HOMEPAGE" name="testFeaturedSectionElementsVisibility_Images" time="0.08"/>
  <testcase classname="testCases.Homepage.TC_016_HOMEPAGE" name="testFeaturedSectionElements_Images_Caption" time="0.092"/>
  <testcase classname="testCases.Homepage.TC_016_HOMEPAGE" name="testFeaturedSectionElements_Images_OldPrice" time="0.044"/>
  <testcase classname="testCases.Homepage.TC_016_HOMEPAGE" name="testFeaturedSectionElements_Images_Price" time="0.074"/>
  <testcase classname="testCases.Homepage.TC_016_HOMEPAGE" name="testFeaturedSectionElements_Images_TaxPrice" time="0.054"/>
  <testcase classname="testCases.Homepage.TC_016_HOMEPAGE" name="testFeaturedSectionElements_Images_Title" time="0.033"/>
  <testcase classname="testCases.Homepage.TC_016_HOMEPAGE" name="testFeaturedSectionElements_Images_URL" time="0.042"/>
  <testcase classname="testCases.Homepage.TC_017_HOMEPAGE" name="testFeaturedAddToCartButtonVisibility" time="4.13"/>
  <testcase classname="testCases.Homepage.TC_017_HOMEPAGE" name="testFeaturedAddToWishListButtonVisibility" time="4.099"/>
  <testcase classname="testCases.Homepage.TC_017_HOMEPAGE" name="testFeaturedCompareThisProductButtonVisibility" time="4.086"/>
  <testcase classname="testCases.Homepage.TC_019_HOMEPAGE" name="testFooterHeadingsText" time="0.096"/>
  <testcase classname="testCases.Homepage.TC_019_HOMEPAGE" name="testFooterHeadingsVisibility" time="1.075"/>
  <testcase classname="testCases.Homepage.TC_020_HOMEPAGE" name="testFooterHyperlinksText" time="0.197"/>
  <testcase classname="testCases.Homepage.TC_020_HOMEPAGE" name="testFooterHyperlinksVisibility" time="1.063"/>
  <testcase classname="testCases.Homepage.TC_021_HOMEPAGE" name="testDesktopsMenuPageRedirection_PC" time="3.527"/>
  <testcase classname="testCases.Homepage.TC_021_HOMEPAGE" name="testDesktopsMenuPageRedirection_Mac" time="3.387"/>
  <testcase classname="testCases.Homepage.TC_021_HOMEPAGE" name="testDesktopsMenuPageRedirection_Desktops" time="3.502"/>
  <testcase classname="testCases.Homepage.TC_022_HOMEPAGE" name="testLaptopsNotebooksMenuPageRedirection_Macs" time="3.452"/>
  <testcase classname="testCases.Homepage.TC_022_HOMEPAGE" name="testLaptopsNotebooksMenuPageRedirection_Windows" time="3.383"/>
  <testcase classname="testCases.Homepage.TC_022_HOMEPAGE" name="testLaptopsNotebooksMenuPageRedirection_LaptopsNotebooks" time="3.574"/>
  <testcase classname="testCases.Homepage.TC_023_HOMEPAGE" name="testComponentsMenuPageRedirection_MiceTrackballs" time="3.436"/>
  <testcase classname="testCases.Homepage.TC_023_HOMEPAGE" name="testComponentsMenuPageRedirection_Monitors" time="3.394"/>
  <testcase classname="testCases.Homepage.TC_023_HOMEPAGE" name="testComponentsMenuPageRedirection_Printers" time="3.579"/>
  <testcase classname="testCases.Homepage.TC_023_HOMEPAGE" name="testComponentsMenuPageRedirection_Scanners" time="3.41"/>
  <testcase classname="testCases.Homepage.TC_023_HOMEPAGE" name="testComponentsMenuPageRedirection_WebCameras" time="3.39"/>
  <testcase classname="testCases.Homepage.TC_023_HOMEPAGE" name="testComponentsMenuPageRedirection_Components" time="3.395"/>
</testsuite> <!-- HomePageTests -->
