<?xml version="1.0" encoding="UTF-8"?>
<!-- Generated by org.testng.reporters.JUnitXMLReporter -->
<testsuite ignored="0" hostname="Jeffins-MBP" failures="0" tests="8" name="RegisterPageTests" time="54.235" errors="0" timestamp="2025-09-10T12:07:31 EDT">
  <testcase classname="testCases.RegisterPage.TC_001_REGISTER" name="testRegisterPageTitle" time="1.186"/>
  <testcase classname="testCases.RegisterPage.TC_001_REGISTER" name="testRegisterPageURL" time="0.348"/>
  <testcase classname="testCases.RegisterPage.TC_002_REGISTER" name="testRegisterPageHeading" time="1.593"/>
  <testcase classname="testCases.RegisterPage.TC_003_REGISTER" name="testRegisterPageForm_NoData_NoAgree" time="2.163"/>
  <testcase classname="testCases.RegisterPage.TC_004_REGISTER" name="testRegisterPageForm_NoData_Agree" time="2.45"/>
  <testcase classname="testCases.RegisterPage.TC_005_REGISTER" name="testRegisterPageForm_NoData_NoAgree_SubscriptionYes" time="1.981"/>
  <testcase classname="testCases.RegisterPage.TC_006_REGISTER" name="testRegisterPageForm_NoData_Agree_SubscriptionYes" time="2.106"/>
  <testcase classname="testCases.RegisterPage.TC_012_REGISTER" name="testRegisterPage_ValidData" time="3.219"/>
</testsuite> <!-- RegisterPageTests -->
