<?xml version="1.0" encoding="UTF-8"?>
<!-- Generated by org.testng.reporters.JUnitXMLReporter -->
<testsuite ignored="0" hostname="Jeffins-MBP" failures="0" tests="3" name="Default test" time="6.498" errors="0" timestamp="2025-07-01T15:51:42 EDT">
  <testcase classname="testCases.TC_016_HOMEPAGE" name="testFeaturedSectionElementsVisibility_Images" time="0.218"/>
  <testcase classname="testCases.TC_016_HOMEPAGE" name="testFeaturedSectionElements_Images_Title" time="0.128"/>
  <testcase classname="testCases.TC_016_HOMEPAGE" name="testFeaturedSectionElements_Images_URL" time="0.067"/>
</testsuite> <!-- Default test -->
