<?xml version="1.0" encoding="UTF-8"?>
<!-- Generated by org.testng.reporters.JUnitXMLReporter -->
<testsuite ignored="1" hostname="Jeffins-MBP" failures="0" tests="1" name="Default test" time="8.055" errors="0" timestamp="2025-09-22T13:58:58 EDT">
  <testcase classname="testCases.RegisterPage.TC_001_REGISTER" name="testRegisterPageURL" time="1.455"/>
  <testcase classname="testCases.RegisterPage.TC_001_REGISTER" name="testRegisterPageTitle" time="0.0">
    <ignored/>
  </testcase> <!-- testRegisterPageTitle -->
</testsuite> <!-- Default test -->
