<?xml version="1.0" encoding="UTF-8"?>
<!-- Generated by org.testng.reporters.JUnitXMLReporter -->
<testsuite ignored="0" hostname="Jeffins-MBP" failures="0" tests="11" name="CartTests" time="104.637" errors="0" timestamp="2025-10-02T19:55:29 EDT">
  <testcase classname="testCases.Cart.TC_001_CART" name="testAddToCart_Macbook_AddToCart_SuccessMessage" time="0.871"/>
  <testcase classname="testCases.Cart.TC_002_CART" name="testAddToCart_Macbook_AddToCart_QuantityAndPrice" time="3.788"/>
  <testcase classname="testCases.Cart.TC_003_CART" name="testAddToCart_iPhone_AddToCart_SuccessMessage" time="0.617"/>
  <testcase classname="testCases.Cart.TC_004_CART" name="testAddToCart_iPhone_AddToCart_QuantityAndPrice" time="3.587"/>
  <testcase classname="testCases.Cart.TC_005_CART" name="testAddToCart_Macbook_RemoveFromCart_QuantityAndPrice" time="1.961"/>
  <testcase classname="testCases.Cart.TC_006_CART" name="testAddToCart_iPhone_RemoveFromCart_QuantityAndPrice" time="1.967"/>
  <testcase classname="testCases.Cart.TC_007_CART" name="testAddToCart_Macbook_iPhone_QuantityAndPrice" time="6.978"/>
  <testcase classname="testCases.Cart.TC_008_CART" name="testAddToCart_Macbook_iPhone_RemoveFromCart_QuantityAndPrice" time="13.65"/>
  <testcase classname="testCases.Cart.TC_009_CART" name="testAddToCart_Macbook_ViewCartDetails" time="4.684"/>
  <testcase classname="testCases.Cart.TC_010_CART" name="testAddToCart_iPhone_ViewCartDetails" time="4.696"/>
  <testcase classname="testCases.Cart.TC_011_CART" name="testAddToCart_MacBookiPhone_ViewCartDetails" time="8.143"/>
</testsuite> <!-- CartTests -->
