<?xml version="1.0" encoding="UTF-8"?>
<!-- Generated by org.testng.reporters.JUnitXMLReporter -->
<testsuite ignored="0" hostname="Jeffins-MBP" failures="1" tests="45" name="HomePageTests" time="249.483" errors="0" timestamp="2025-09-22T14:13:59 EDT">
  <testcase classname="testCases.Homepage.TC_001_HOMEPAGE" name="testPageURLTitle" time="0.177"/>
  <testcase classname="testCases.Homepage.TC_002_HOMEPAGE" name="testLogoVisibilityAndText" time="0.133"/>
  <testcase classname="testCases.Homepage.TC_003_HOMEPAGE" name="testCurrencyDropDownElementVisibilityAndText_HeaderUI" time="0.579"/>
  <testcase classname="testCases.Homepage.TC_004_HOMEPAGE" name="testPhoneElementVisibilityAndText_HeaderUI" time="0.156"/>
  <testcase classname="testCases.Homepage.TC_005_HOMEPAGE" name="testMyAccountDropDownElementVisibilityAndText_HeaderUI" time="0.451"/>
  <testcase classname="testCases.Homepage.TC_006_HOMEPAGE" name="testWishListElementVisibiityAndText_HeaderUI" time="0.162"/>
  <testcase classname="testCases.Homepage.TC_007_HOMEPAGE" name="testShoppingCartElementVisibilityAndText_HeaderUI" time="0.157"/>
  <testcase classname="testCases.Homepage.TC_008_HOMEPAGE" name="testCheckoutElementVisibilityAndText_HeaderUI" time="0.15"/>
  <testcase classname="testCases.Homepage.TC_009_HOMEPAGE" name="testSearchBarVisibility_HeaderUI" time="0.122"/>
  <testcase classname="testCases.Homepage.TC_010_HOMEPAGE" name="testSearchBarPlaceholderTextVisibility_HeaderUI" time="0.044"/>
  <testcase classname="testCases.Homepage.TC_011_HOMEPAGE" name="testShoppingCartButtonLabelTextVisibility_NoItems_Header_UI" time="0.055"/>
  <testcase classname="testCases.Homepage.TC_012_HOMEPAGE" name="testNavLinksTextVisibility" time="0.328"/>
  <testcase classname="testCases.Homepage.TC_013_HOMEPAGE" name="testNavDropdownLinksVisibility_Desktops_HeaderUI" time="0.269"/>
  <testcase classname="testCases.Homepage.TC_013_HOMEPAGE" name="testNavDropdownLinksVisibility_LaptopsNotebooks_HeaderUI" time="0.185"/>
  <testcase classname="testCases.Homepage.TC_013_HOMEPAGE" name="testNavDropdownLinksVisibility_Components_HeaderUI" time="0.192"/>
  <testcase classname="testCases.Homepage.TC_013_HOMEPAGE" name="testNavDropdownLinksVisibility_MP3Players_HeaderUI" time="0.316"/>
  <testcase classname="testCases.Homepage.TC_014_HOMEPAGE" name="testImageGalleryPicturesVisibility_MacBookAir" time="1.562"/>
  <testcase classname="testCases.Homepage.TC_014_HOMEPAGE" name="testImageGalleryPicturesVisibility_iPhone" time="72.755">
    <failure type="java.lang.AssertionError" message="expected [true] but found [false]">
      <![CDATA[java.lang.AssertionError: expected [true] but found [false]
at testCases.Homepage.TC_014_HOMEPAGE.testImageGalleryPicturesVisibility_iPhone(TC_014_HOMEPAGE.java:15)
at java.base/java.util.ArrayList.forEach(ArrayList.java:1597)
... Removed 33 stack frames]]>
    </failure>
  </testcase> <!-- testImageGalleryPicturesVisibility_iPhone -->
  <testcase classname="testCases.Homepage.TC_015_HOMEPAGE" name="testFeaturedHeadingVisibilityAndText" time="0.099"/>
  <testcase classname="testCases.Homepage.TC_016_HOMEPAGE" name="testFeaturedSectionElementsVisibility_Images" time="0.075"/>
  <testcase classname="testCases.Homepage.TC_016_HOMEPAGE" name="testFeaturedSectionElements_Images_Caption" time="0.068"/>
  <testcase classname="testCases.Homepage.TC_016_HOMEPAGE" name="testFeaturedSectionElements_Images_OldPrice" time="0.041"/>
  <testcase classname="testCases.Homepage.TC_016_HOMEPAGE" name="testFeaturedSectionElements_Images_Price" time="0.055"/>
  <testcase classname="testCases.Homepage.TC_016_HOMEPAGE" name="testFeaturedSectionElements_Images_TaxPrice" time="0.052"/>
  <testcase classname="testCases.Homepage.TC_016_HOMEPAGE" name="testFeaturedSectionElements_Images_Title" time="0.034"/>
  <testcase classname="testCases.Homepage.TC_016_HOMEPAGE" name="testFeaturedSectionElements_Images_URL" time="0.035"/>
  <testcase classname="testCases.Homepage.TC_017_HOMEPAGE" name="testFeaturedAddToCartButtonVisibility" time="4.101"/>
  <testcase classname="testCases.Homepage.TC_017_HOMEPAGE" name="testFeaturedAddToWishListButtonVisibility" time="4.082"/>
  <testcase classname="testCases.Homepage.TC_017_HOMEPAGE" name="testFeaturedCompareThisProductButtonVisibility" time="4.102"/>
  <testcase classname="testCases.Homepage.TC_019_HOMEPAGE" name="testFooterHeadingsText" time="0.09"/>
  <testcase classname="testCases.Homepage.TC_019_HOMEPAGE" name="testFooterHeadingsVisibility" time="1.06"/>
  <testcase classname="testCases.Homepage.TC_020_HOMEPAGE" name="testFooterHyperlinksText" time="0.193"/>
  <testcase classname="testCases.Homepage.TC_020_HOMEPAGE" name="testFooterHyperlinksVisibility" time="1.063"/>
  <testcase classname="testCases.Homepage.TC_021_HOMEPAGE" name="testDesktopsMenuPageRedirection_PC" time="3.526"/>
  <testcase classname="testCases.Homepage.TC_021_HOMEPAGE" name="testDesktopsMenuPageRedirection_Mac" time="3.45"/>
  <testcase classname="testCases.Homepage.TC_021_HOMEPAGE" name="testDesktopsMenuPageRedirection_Desktops" time="3.431"/>
  <testcase classname="testCases.Homepage.TC_022_HOMEPAGE" name="testLaptopsNotebooksMenuPageRedirection_Macs" time="3.48"/>
  <testcase classname="testCases.Homepage.TC_022_HOMEPAGE" name="testLaptopsNotebooksMenuPageRedirection_Windows" time="3.471"/>
  <testcase classname="testCases.Homepage.TC_022_HOMEPAGE" name="testLaptopsNotebooksMenuPageRedirection_LaptopsNotebooks" time="3.482"/>
  <testcase classname="testCases.Homepage.TC_023_HOMEPAGE" name="testComponentsMenuPageRedirection_MiceTrackballs" time="4.951"/>
  <testcase classname="testCases.Homepage.TC_023_HOMEPAGE" name="testComponentsMenuPageRedirection_Monitors" time="3.384"/>
  <testcase classname="testCases.Homepage.TC_023_HOMEPAGE" name="testComponentsMenuPageRedirection_Printers" time="3.393"/>
  <testcase classname="testCases.Homepage.TC_023_HOMEPAGE" name="testComponentsMenuPageRedirection_Scanners" time="3.403"/>
  <testcase classname="testCases.Homepage.TC_023_HOMEPAGE" name="testComponentsMenuPageRedirection_WebCameras" time="3.542"/>
  <testcase classname="testCases.Homepage.TC_023_HOMEPAGE" name="testComponentsMenuPageRedirection_Components" time="3.416"/>
</testsuite> <!-- HomePageTests -->
