<?xml version="1.0" encoding="UTF-8"?>
<!-- Generated by org.testng.reporters.JUnitXMLReporter -->
<testsuite ignored="0" hostname="Jeffins-MBP" failures="0" tests="8" name="Test" time="43.999" errors="0" timestamp="2025-06-26T16:36:55 EDT">
  <testcase classname="testCases.TC_003_HOMEPAGE" name="testCurrencyDropDownElement_HeaderUI" time="0.553"/>
  <testcase classname="testCases.TC_008_HOMEPAGE" name="testCheckoutElement_HeaderUI" time="0.152"/>
  <testcase classname="testCases.TC_002_HOMEPAGE" name="testLogo" time="0.104"/>
  <testcase classname="testCases.TC_004_HOMEPAGE" name="testPhoneElement_HeaderUI" time="0.153"/>
  <testcase classname="testCases.TC_006_HOMEPAGE" name="testWishListElement_HeaderUI" time="0.177"/>
  <testcase classname="testCases.TC_005_HOMEPAGE" name="testMyAccountDropDownElement_HeaderUI" time="0.423"/>
  <testcase classname="testCases.TC_001_HOMEPAGE" name="testPageURLTitle" time="0.045"/>
  <testcase classname="testCases.TC_007_HOMEPAGE" name="testShoppingCartElement_HeaderUI" time="0.168"/>
</testsuite> <!-- Test -->
