<?xml version="1.0" encoding="UTF-8"?>
<!-- Generated by org.testng.reporters.JUnitXMLReporter -->
<testsuite ignored="0" hostname="Jeffins-MBP" failures="0" tests="8" name="RegisterPageTests" time="49.685" errors="0" timestamp="2025-09-22T14:14:49 EDT">
  <testcase classname="testCases.RegisterPage.TC_001_REGISTER" name="testRegisterPageTitle" time="1.133"/>
  <testcase classname="testCases.RegisterPage.TC_001_REGISTER" name="testRegisterPageURL" time="0.414"/>
  <testcase classname="testCases.RegisterPage.TC_002_REGISTER" name="testRegisterPageHeading" time="1.26"/>
  <testcase classname="testCases.RegisterPage.TC_003_REGISTER" name="testRegisterPageForm_NoData_NoAgree" time="1.908"/>
  <testcase classname="testCases.RegisterPage.TC_004_REGISTER" name="testRegisterPageForm_NoData_Agree" time="1.899"/>
  <testcase classname="testCases.RegisterPage.TC_005_REGISTER" name="testRegisterPageForm_NoData_NoAgree_SubscriptionYes" time="2.219"/>
  <testcase classname="testCases.RegisterPage.TC_006_REGISTER" name="testRegisterPageForm_NoData_Agree_SubscriptionYes" time="2.149"/>
  <testcase classname="testCases.RegisterPage.TC_012_REGISTER" name="testRegisterPageForm_ValidData" time="3.215"/>
</testsuite> <!-- RegisterPageTests -->
