<?xml version="1.0" encoding="UTF-8"?>
<testsuite xmlns:xsi="http://www.w3.org/2001/XMLSchema-instance" xsi:noNamespaceSchemaLocation="https://maven.apache.org/surefire/maven-surefire-plugin/xsd/surefire-test-report.xsd" version="3.0.2" name="TestSuite" time="300.789" tests="53" errors="0" skipped="0" failures="1">
  <properties>
[...]
</properties>
  <testcase name="testPageURLTitle" classname="testCases.Homepage.TC_001_HOMEPAGE" time="0.201">
    <system-err><![CDATA[SLF4J(W): No SLF4J providers were found.
SLF4J(W): Defaulting to no-operation (NOP) logger implementation
SLF4J(W): See https://www.slf4j.org/codes.html#noProviders for further details.
Sep 22, 2025 2:09:53 PM org.openqa.selenium.devtools.CdpVersionFinder findNearestMatch
WARNING: Unable to find CDP implementation matching 140
Sep 22, 2025 2:09:53 PM org.openqa.selenium.chromium.ChromiumDriver lambda$new$4
WARNING: Unable to find version of CDP to use for 140.0.7339.185. You may need to include a dependency on a specific version of the CDP using something similar to `org.seleniumhq.selenium:selenium-devtools-v86:4.29.0` where the version ("v86") matches the version of the chromium-based browser you're using and the version number of the artifact is the same as Selenium's.
]]></system-err>
  </testcase>
  <testcase name="testLogoVisibilityAndText" classname="testCases.Homepage.TC_002_HOMEPAGE" time="0.132">
    <system-err><![CDATA[Sep 22, 2025 2:09:58 PM org.openqa.selenium.devtools.CdpVersionFinder findNearestMatch
WARNING: Unable to find CDP implementation matching 140
Sep 22, 2025 2:09:58 PM org.openqa.selenium.chromium.ChromiumDriver lambda$new$4
WARNING: Unable to find version of CDP to use for 140.0.7339.185. You may need to include a dependency on a specific version of the CDP using something similar to `org.seleniumhq.selenium:selenium-devtools-v86:4.29.0` where the version ("v86") matches the version of the chromium-based browser you're using and the version number of the artifact is the same as Selenium's.
]]></system-err>
  </testcase>
  <testcase name="testCurrencyDropDownElementVisibilityAndText_HeaderUI" classname="testCases.Homepage.TC_003_HOMEPAGE" time="0.58">
    <system-err><![CDATA[Sep 22, 2025 2:10:03 PM org.openqa.selenium.devtools.CdpVersionFinder findNearestMatch
WARNING: Unable to find CDP implementation matching 140
Sep 22, 2025 2:10:03 PM org.openqa.selenium.chromium.ChromiumDriver lambda$new$4
WARNING: Unable to find version of CDP to use for 140.0.7339.185. You may need to include a dependency on a specific version of the CDP using something similar to `org.seleniumhq.selenium:selenium-devtools-v86:4.29.0` where the version ("v86") matches the version of the chromium-based browser you're using and the version number of the artifact is the same as Selenium's.
]]></system-err>
  </testcase>
  <testcase name="testPhoneElementVisibilityAndText_HeaderUI" classname="testCases.Homepage.TC_004_HOMEPAGE" time="0.156">
    <system-err><![CDATA[Sep 22, 2025 2:10:10 PM org.openqa.selenium.devtools.CdpVersionFinder findNearestMatch
WARNING: Unable to find CDP implementation matching 140
Sep 22, 2025 2:10:10 PM org.openqa.selenium.chromium.ChromiumDriver lambda$new$4
WARNING: Unable to find version of CDP to use for 140.0.7339.185. You may need to include a dependency on a specific version of the CDP using something similar to `org.seleniumhq.selenium:selenium-devtools-v86:4.29.0` where the version ("v86") matches the version of the chromium-based browser you're using and the version number of the artifact is the same as Selenium's.
]]></system-err>
  </testcase>
  <testcase name="testMyAccountDropDownElementVisibilityAndText_HeaderUI" classname="testCases.Homepage.TC_005_HOMEPAGE" time="0.447">
    <system-err><![CDATA[Sep 22, 2025 2:10:16 PM org.openqa.selenium.devtools.CdpVersionFinder findNearestMatch
WARNING: Unable to find CDP implementation matching 140
Sep 22, 2025 2:10:16 PM org.openqa.selenium.chromium.ChromiumDriver lambda$new$4
WARNING: Unable to find version of CDP to use for 140.0.7339.185. You may need to include a dependency on a specific version of the CDP using something similar to `org.seleniumhq.selenium:selenium-devtools-v86:4.29.0` where the version ("v86") matches the version of the chromium-based browser you're using and the version number of the artifact is the same as Selenium's.
]]></system-err>
  </testcase>
  <testcase name="testWishListElementVisibiityAndText_HeaderUI" classname="testCases.Homepage.TC_006_HOMEPAGE" time="0.162">
    <system-err><![CDATA[Sep 22, 2025 2:10:21 PM org.openqa.selenium.devtools.CdpVersionFinder findNearestMatch
WARNING: Unable to find CDP implementation matching 140
Sep 22, 2025 2:10:21 PM org.openqa.selenium.chromium.ChromiumDriver lambda$new$4
WARNING: Unable to find version of CDP to use for 140.0.7339.185. You may need to include a dependency on a specific version of the CDP using something similar to `org.seleniumhq.selenium:selenium-devtools-v86:4.29.0` where the version ("v86") matches the version of the chromium-based browser you're using and the version number of the artifact is the same as Selenium's.
]]></system-err>
  </testcase>
  <testcase name="testShoppingCartElementVisibilityAndText_HeaderUI" classname="testCases.Homepage.TC_007_HOMEPAGE" time="0.158">
    <system-err><![CDATA[Sep 22, 2025 2:10:27 PM org.openqa.selenium.devtools.CdpVersionFinder findNearestMatch
WARNING: Unable to find CDP implementation matching 140
Sep 22, 2025 2:10:27 PM org.openqa.selenium.chromium.ChromiumDriver lambda$new$4
WARNING: Unable to find version of CDP to use for 140.0.7339.185. You may need to include a dependency on a specific version of the CDP using something similar to `org.seleniumhq.selenium:selenium-devtools-v86:4.29.0` where the version ("v86") matches the version of the chromium-based browser you're using and the version number of the artifact is the same as Selenium's.
]]></system-err>
  </testcase>
  <testcase name="testCheckoutElementVisibilityAndText_HeaderUI" classname="testCases.Homepage.TC_008_HOMEPAGE" time="0.151">
    <system-err><![CDATA[Sep 22, 2025 2:10:32 PM org.openqa.selenium.devtools.CdpVersionFinder findNearestMatch
WARNING: Unable to find CDP implementation matching 140
Sep 22, 2025 2:10:32 PM org.openqa.selenium.chromium.ChromiumDriver lambda$new$4
WARNING: Unable to find version of CDP to use for 140.0.7339.185. You may need to include a dependency on a specific version of the CDP using something similar to `org.seleniumhq.selenium:selenium-devtools-v86:4.29.0` where the version ("v86") matches the version of the chromium-based browser you're using and the version number of the artifact is the same as Selenium's.
]]></system-err>
  </testcase>
  <testcase name="testSearchBarVisibility_HeaderUI" classname="testCases.Homepage.TC_009_HOMEPAGE" time="0.123">
    <system-err><![CDATA[Sep 22, 2025 2:10:37 PM org.openqa.selenium.devtools.CdpVersionFinder findNearestMatch
WARNING: Unable to find CDP implementation matching 140
Sep 22, 2025 2:10:37 PM org.openqa.selenium.chromium.ChromiumDriver lambda$new$4
WARNING: Unable to find version of CDP to use for 140.0.7339.185. You may need to include a dependency on a specific version of the CDP using something similar to `org.seleniumhq.selenium:selenium-devtools-v86:4.29.0` where the version ("v86") matches the version of the chromium-based browser you're using and the version number of the artifact is the same as Selenium's.
]]></system-err>
  </testcase>
  <testcase name="testSearchBarPlaceholderTextVisibility_HeaderUI" classname="testCases.Homepage.TC_010_HOMEPAGE" time="0.045">
    <system-err><![CDATA[Sep 22, 2025 2:10:42 PM org.openqa.selenium.devtools.CdpVersionFinder findNearestMatch
WARNING: Unable to find CDP implementation matching 140
Sep 22, 2025 2:10:42 PM org.openqa.selenium.chromium.ChromiumDriver lambda$new$4
WARNING: Unable to find version of CDP to use for 140.0.7339.185. You may need to include a dependency on a specific version of the CDP using something similar to `org.seleniumhq.selenium:selenium-devtools-v86:4.29.0` where the version ("v86") matches the version of the chromium-based browser you're using and the version number of the artifact is the same as Selenium's.
]]></system-err>
  </testcase>
  <testcase name="testShoppingCartButtonLabelTextVisibility_NoItems_Header_UI" classname="testCases.Homepage.TC_011_HOMEPAGE" time="0.055">
    <system-err><![CDATA[Sep 22, 2025 2:10:47 PM org.openqa.selenium.devtools.CdpVersionFinder findNearestMatch
WARNING: Unable to find CDP implementation matching 140
Sep 22, 2025 2:10:47 PM org.openqa.selenium.chromium.ChromiumDriver lambda$new$4
WARNING: Unable to find version of CDP to use for 140.0.7339.185. You may need to include a dependency on a specific version of the CDP using something similar to `org.seleniumhq.selenium:selenium-devtools-v86:4.29.0` where the version ("v86") matches the version of the chromium-based browser you're using and the version number of the artifact is the same as Selenium's.
]]></system-err>
  </testcase>
  <testcase name="testNavLinksTextVisibility" classname="testCases.Homepage.TC_012_HOMEPAGE" time="0.321">
    <system-err><![CDATA[Sep 22, 2025 2:10:52 PM org.openqa.selenium.devtools.CdpVersionFinder findNearestMatch
WARNING: Unable to find CDP implementation matching 140
Sep 22, 2025 2:10:52 PM org.openqa.selenium.chromium.ChromiumDriver lambda$new$4
WARNING: Unable to find version of CDP to use for 140.0.7339.185. You may need to include a dependency on a specific version of the CDP using something similar to `org.seleniumhq.selenium:selenium-devtools-v86:4.29.0` where the version ("v86") matches the version of the chromium-based browser you're using and the version number of the artifact is the same as Selenium's.
]]></system-err>
  </testcase>
  <testcase name="testNavDropdownLinksVisibility_Desktops_HeaderUI" classname="testCases.Homepage.TC_013_HOMEPAGE" time="0.27">
    <system-err><![CDATA[Sep 22, 2025 2:10:57 PM org.openqa.selenium.devtools.CdpVersionFinder findNearestMatch
WARNING: Unable to find CDP implementation matching 140
Sep 22, 2025 2:10:57 PM org.openqa.selenium.chromium.ChromiumDriver lambda$new$4
WARNING: Unable to find version of CDP to use for 140.0.7339.185. You may need to include a dependency on a specific version of the CDP using something similar to `org.seleniumhq.selenium:selenium-devtools-v86:4.29.0` where the version ("v86") matches the version of the chromium-based browser you're using and the version number of the artifact is the same as Selenium's.
]]></system-err>
  </testcase>
  <testcase name="testNavDropdownLinksVisibility_LaptopsNotebooks_HeaderUI" classname="testCases.Homepage.TC_013_HOMEPAGE" time="0.185"/>
  <testcase name="testNavDropdownLinksVisibility_Components_HeaderUI" classname="testCases.Homepage.TC_013_HOMEPAGE" time="0.192"/>
  <testcase name="testNavDropdownLinksVisibility_MP3Players_HeaderUI" classname="testCases.Homepage.TC_013_HOMEPAGE" time="0.317"/>
  <testcase name="testImageGalleryPicturesVisibility_MacBookAir" classname="testCases.Homepage.TC_014_HOMEPAGE" time="1.561">
    <system-err><![CDATA[Sep 22, 2025 2:11:04 PM org.openqa.selenium.devtools.CdpVersionFinder findNearestMatch
WARNING: Unable to find CDP implementation matching 140
Sep 22, 2025 2:11:04 PM org.openqa.selenium.chromium.ChromiumDriver lambda$new$4
WARNING: Unable to find version of CDP to use for 140.0.7339.185. You may need to include a dependency on a specific version of the CDP using something similar to `org.seleniumhq.selenium:selenium-devtools-v86:4.29.0` where the version ("v86") matches the version of the chromium-based browser you're using and the version number of the artifact is the same as Selenium's.
]]></system-err>
  </testcase>
  <testcase name="testImageGalleryPicturesVisibility_iPhone" classname="testCases.Homepage.TC_014_HOMEPAGE" time="72.76">
    <failure message="expected [true] but found [false]" type="java.lang.AssertionError"><![CDATA[java.lang.AssertionError: expected [true] but found [false]
	at org.testng.Assert.fail(Assert.java:111)
	at org.testng.Assert.failNotEquals(Assert.java:1590)
	at org.testng.Assert.assertTrue(Assert.java:57)
	at org.testng.Assert.assertTrue(Assert.java:67)
	at testCases.Homepage.TC_014_HOMEPAGE.testImageGalleryPicturesVisibility_iPhone(TC_014_HOMEPAGE.java:15)
	at java.base/jdk.internal.reflect.DirectMethodHandleAccessor.invoke(DirectMethodHandleAccessor.java:103)
	at java.base/java.lang.reflect.Method.invoke(Method.java:580)
	at org.testng.internal.invokers.MethodInvocationHelper.invokeMethod(MethodInvocationHelper.java:141)
	at org.testng.internal.invokers.TestInvoker.invokeMethod(TestInvoker.java:687)
	at org.testng.internal.invokers.TestInvoker.invokeTestMethod(TestInvoker.java:230)
	at org.testng.internal.invokers.MethodRunner.runInSequence(MethodRunner.java:63)
	at org.testng.internal.invokers.TestInvoker$MethodInvocationAgent.invoke(TestInvoker.java:995)
	at org.testng.internal.invokers.TestInvoker.invokeTestMethods(TestInvoker.java:203)
	at org.testng.internal.invokers.TestMethodWorker.invokeTestMethods(TestMethodWorker.java:154)
	at org.testng.internal.invokers.TestMethodWorker.run(TestMethodWorker.java:134)
	at java.base/java.util.ArrayList.forEach(ArrayList.java:1597)
	at org.testng.TestRunner.privateRun(TestRunner.java:741)
	at org.testng.TestRunner.run(TestRunner.java:616)
	at org.testng.SuiteRunner.runTest(SuiteRunner.java:421)
	at org.testng.SuiteRunner.runSequentially(SuiteRunner.java:413)
	at org.testng.SuiteRunner.privateRun(SuiteRunner.java:373)
	at org.testng.SuiteRunner.run(SuiteRunner.java:312)
	at org.testng.SuiteRunnerWorker.runSuite(SuiteRunnerWorker.java:52)
	at org.testng.SuiteRunnerWorker.run(SuiteRunnerWorker.java:95)
	at org.testng.TestNG.runSuitesSequentially(TestNG.java:1274)
	at org.testng.TestNG.runSuitesLocally(TestNG.java:1208)
	at org.testng.TestNG.runSuites(TestNG.java:1112)
	at org.testng.TestNG.run(TestNG.java:1079)
	at org.apache.maven.surefire.testng.TestNGExecutor.run(TestNGExecutor.java:308)
	at org.apache.maven.surefire.testng.TestNGXmlTestSuite.execute(TestNGXmlTestSuite.java:71)
	at org.apache.maven.surefire.testng.TestNGProvider.invoke(TestNGProvider.java:113)
	at org.apache.maven.surefire.booter.ForkedBooter.runSuitesInProcess(ForkedBooter.java:385)
	at org.apache.maven.surefire.booter.ForkedBooter.execute(ForkedBooter.java:162)
	at org.apache.maven.surefire.booter.ForkedBooter.run(ForkedBooter.java:507)
	at org.apache.maven.surefire.booter.ForkedBooter.main(ForkedBooter.java:495)
]]></failure>
  </testcase>
  <testcase name="testFeaturedHeadingVisibilityAndText" classname="testCases.Homepage.TC_015_HOMEPAGE" time="0.099">
    <system-err><![CDATA[Sep 22, 2025 2:12:23 PM org.openqa.selenium.devtools.CdpVersionFinder findNearestMatch
WARNING: Unable to find CDP implementation matching 140
Sep 22, 2025 2:12:23 PM org.openqa.selenium.chromium.ChromiumDriver lambda$new$4
WARNING: Unable to find version of CDP to use for 140.0.7339.185. You may need to include a dependency on a specific version of the CDP using something similar to `org.seleniumhq.selenium:selenium-devtools-v86:4.29.0` where the version ("v86") matches the version of the chromium-based browser you're using and the version number of the artifact is the same as Selenium's.
]]></system-err>
  </testcase>
  <testcase name="testFeaturedSectionElementsVisibility_Images" classname="testCases.Homepage.TC_016_HOMEPAGE" time="0.075">
    <system-err><![CDATA[Sep 22, 2025 2:12:28 PM org.openqa.selenium.devtools.CdpVersionFinder findNearestMatch
WARNING: Unable to find CDP implementation matching 140
Sep 22, 2025 2:12:28 PM org.openqa.selenium.chromium.ChromiumDriver lambda$new$4
WARNING: Unable to find version of CDP to use for 140.0.7339.185. You may need to include a dependency on a specific version of the CDP using something similar to `org.seleniumhq.selenium:selenium-devtools-v86:4.29.0` where the version ("v86") matches the version of the chromium-based browser you're using and the version number of the artifact is the same as Selenium's.
]]></system-err>
  </testcase>
  <testcase name="testFeaturedSectionElements_Images_Caption" classname="testCases.Homepage.TC_016_HOMEPAGE" time="0.069">
    <system-out><![CDATA[[Intel Core 2 Duo processor Powered by an Intel Core 2 Duo processor at speeds up to 2.1.., iPhone is a revolutionary new mobile phone that allows you to make a call by simply tapping a nam.., The 30-inch Apple Cinema HD Display delivers an amazing 2560 x 1600 pixel resolution. Designed sp.., Canon's press material for the EOS 5D states that it 'defines (a) new D-SLR category', while we'r..]
]]></system-out>
  </testcase>
  <testcase name="testFeaturedSectionElements_Images_OldPrice" classname="testCases.Homepage.TC_016_HOMEPAGE" time="0.041"/>
  <testcase name="testFeaturedSectionElements_Images_Price" classname="testCases.Homepage.TC_016_HOMEPAGE" time="0.057"/>
  <testcase name="testFeaturedSectionElements_Images_TaxPrice" classname="testCases.Homepage.TC_016_HOMEPAGE" time="0.053"/>
  <testcase name="testFeaturedSectionElements_Images_Title" classname="testCases.Homepage.TC_016_HOMEPAGE" time="0.034">
    <system-out><![CDATA[[MacBook, iPhone, Apple Cinema 30", Canon EOS 5D]
]]></system-out>
  </testcase>
  <testcase name="testFeaturedSectionElements_Images_URL" classname="testCases.Homepage.TC_016_HOMEPAGE" time="0.037">
    <system-out><![CDATA[[https://tutorialsninja.com/demo/image/cache/catalog/demo/macbook_1-200x200.jpg, https://tutorialsninja.com/demo/image/cache/catalog/demo/iphone_1-200x200.jpg, https://tutorialsninja.com/demo/image/cache/catalog/demo/apple_cinema_30-200x200.jpg, https://tutorialsninja.com/demo/image/cache/catalog/demo/canon_eos_5d_1-200x200.jpg]
]]></system-out>
  </testcase>
  <testcase name="testFeaturedAddToCartButtonVisibility" classname="testCases.Homepage.TC_017_HOMEPAGE" time="4.099">
    <system-err><![CDATA[Sep 22, 2025 2:12:34 PM org.openqa.selenium.devtools.CdpVersionFinder findNearestMatch
WARNING: Unable to find CDP implementation matching 140
Sep 22, 2025 2:12:34 PM org.openqa.selenium.chromium.ChromiumDriver lambda$new$4
WARNING: Unable to find version of CDP to use for 140.0.7339.185. You may need to include a dependency on a specific version of the CDP using something similar to `org.seleniumhq.selenium:selenium-devtools-v86:4.29.0` where the version ("v86") matches the version of the chromium-based browser you're using and the version number of the artifact is the same as Selenium's.
]]></system-err>
  </testcase>
  <testcase name="testFeaturedAddToWishListButtonVisibility" classname="testCases.Homepage.TC_017_HOMEPAGE" time="4.082"/>
  <testcase name="testFeaturedCompareThisProductButtonVisibility" classname="testCases.Homepage.TC_017_HOMEPAGE" time="4.103"/>
  <testcase name="testFooterHeadingsText" classname="testCases.Homepage.TC_019_HOMEPAGE" time="0.09">
    <system-err><![CDATA[Sep 22, 2025 2:12:52 PM org.openqa.selenium.devtools.CdpVersionFinder findNearestMatch
WARNING: Unable to find CDP implementation matching 140
Sep 22, 2025 2:12:52 PM org.openqa.selenium.chromium.ChromiumDriver lambda$new$4
WARNING: Unable to find version of CDP to use for 140.0.7339.185. You may need to include a dependency on a specific version of the CDP using something similar to `org.seleniumhq.selenium:selenium-devtools-v86:4.29.0` where the version ("v86") matches the version of the chromium-based browser you're using and the version number of the artifact is the same as Selenium's.
]]></system-err>
  </testcase>
  <testcase name="testFooterHeadingsVisibility" classname="testCases.Homepage.TC_019_HOMEPAGE" time="1.061"/>
  <testcase name="testFooterHyperlinksText" classname="testCases.Homepage.TC_020_HOMEPAGE" time="0.193">
    <system-err><![CDATA[Sep 22, 2025 2:12:58 PM org.openqa.selenium.devtools.CdpVersionFinder findNearestMatch
WARNING: Unable to find CDP implementation matching 140
Sep 22, 2025 2:12:58 PM org.openqa.selenium.chromium.ChromiumDriver lambda$new$4
WARNING: Unable to find version of CDP to use for 140.0.7339.185. You may need to include a dependency on a specific version of the CDP using something similar to `org.seleniumhq.selenium:selenium-devtools-v86:4.29.0` where the version ("v86") matches the version of the chromium-based browser you're using and the version number of the artifact is the same as Selenium's.
]]></system-err>
  </testcase>
  <testcase name="testFooterHyperlinksVisibility" classname="testCases.Homepage.TC_020_HOMEPAGE" time="1.064"/>
  <testcase name="testDesktopsMenuPageRedirection_PC" classname="testCases.Homepage.TC_021_HOMEPAGE" time="3.526">
    <system-err><![CDATA[Sep 22, 2025 2:13:04 PM org.openqa.selenium.devtools.CdpVersionFinder findNearestMatch
WARNING: Unable to find CDP implementation matching 140
Sep 22, 2025 2:13:04 PM org.openqa.selenium.chromium.ChromiumDriver lambda$new$4
WARNING: Unable to find version of CDP to use for 140.0.7339.185. You may need to include a dependency on a specific version of the CDP using something similar to `org.seleniumhq.selenium:selenium-devtools-v86:4.29.0` where the version ("v86") matches the version of the chromium-based browser you're using and the version number of the artifact is the same as Selenium's.
]]></system-err>
  </testcase>
  <testcase name="testDesktopsMenuPageRedirection_Mac" classname="testCases.Homepage.TC_021_HOMEPAGE" time="3.453"/>
  <testcase name="testDesktopsMenuPageRedirection_Desktops" classname="testCases.Homepage.TC_021_HOMEPAGE" time="3.431"/>
  <testcase name="testLaptopsNotebooksMenuPageRedirection_Macs" classname="testCases.Homepage.TC_022_HOMEPAGE" time="3.48">
    <system-err><![CDATA[Sep 22, 2025 2:13:19 PM org.openqa.selenium.devtools.CdpVersionFinder findNearestMatch
WARNING: Unable to find CDP implementation matching 140
Sep 22, 2025 2:13:19 PM org.openqa.selenium.chromium.ChromiumDriver lambda$new$4
WARNING: Unable to find version of CDP to use for 140.0.7339.185. You may need to include a dependency on a specific version of the CDP using something similar to `org.seleniumhq.selenium:selenium-devtools-v86:4.29.0` where the version ("v86") matches the version of the chromium-based browser you're using and the version number of the artifact is the same as Selenium's.
]]></system-err>
  </testcase>
  <testcase name="testLaptopsNotebooksMenuPageRedirection_Windows" classname="testCases.Homepage.TC_022_HOMEPAGE" time="3.472"/>
  <testcase name="testLaptopsNotebooksMenuPageRedirection_LaptopsNotebooks" classname="testCases.Homepage.TC_022_HOMEPAGE" time="3.479"/>
  <testcase name="testComponentsMenuPageRedirection_MiceTrackballs" classname="testCases.Homepage.TC_023_HOMEPAGE" time="4.95">
    <system-err><![CDATA[Sep 22, 2025 2:13:35 PM org.openqa.selenium.devtools.CdpVersionFinder findNearestMatch
WARNING: Unable to find CDP implementation matching 140
Sep 22, 2025 2:13:35 PM org.openqa.selenium.chromium.ChromiumDriver lambda$new$4
WARNING: Unable to find version of CDP to use for 140.0.7339.185. You may need to include a dependency on a specific version of the CDP using something similar to `org.seleniumhq.selenium:selenium-devtools-v86:4.29.0` where the version ("v86") matches the version of the chromium-based browser you're using and the version number of the artifact is the same as Selenium's.
]]></system-err>
  </testcase>
  <testcase name="testComponentsMenuPageRedirection_Monitors" classname="testCases.Homepage.TC_023_HOMEPAGE" time="3.382"/>
  <testcase name="testComponentsMenuPageRedirection_Printers" classname="testCases.Homepage.TC_023_HOMEPAGE" time="3.394"/>
  <testcase name="testComponentsMenuPageRedirection_Scanners" classname="testCases.Homepage.TC_023_HOMEPAGE" time="3.403"/>
  <testcase name="testComponentsMenuPageRedirection_WebCameras" classname="testCases.Homepage.TC_023_HOMEPAGE" time="3.542"/>
  <testcase name="testComponentsMenuPageRedirection_Components" classname="testCases.Homepage.TC_023_HOMEPAGE" time="3.416"/>
  <testcase name="testRegisterPageTitle" classname="testCases.RegisterPage.TC_001_REGISTER" time="1.132">
    <system-err><![CDATA[Sep 22, 2025 2:14:01 PM org.openqa.selenium.devtools.CdpVersionFinder findNearestMatch
WARNING: Unable to find CDP implementation matching 140
Sep 22, 2025 2:14:01 PM org.openqa.selenium.chromium.ChromiumDriver lambda$new$4
WARNING: Unable to find version of CDP to use for 140.0.7339.185. You may need to include a dependency on a specific version of the CDP using something similar to `org.seleniumhq.selenium:selenium-devtools-v86:4.29.0` where the version ("v86") matches the version of the chromium-based browser you're using and the version number of the artifact is the same as Selenium's.
]]></system-err>
  </testcase>
  <testcase name="testRegisterPageURL" classname="testCases.RegisterPage.TC_001_REGISTER" time="0.414"/>
  <testcase name="testRegisterPageHeading" classname="testCases.RegisterPage.TC_002_REGISTER" time="1.261">
    <system-err><![CDATA[Sep 22, 2025 2:14:07 PM org.openqa.selenium.devtools.CdpVersionFinder findNearestMatch
WARNING: Unable to find CDP implementation matching 140
Sep 22, 2025 2:14:07 PM org.openqa.selenium.chromium.ChromiumDriver lambda$new$4
WARNING: Unable to find version of CDP to use for 140.0.7339.185. You may need to include a dependency on a specific version of the CDP using something similar to `org.seleniumhq.selenium:selenium-devtools-v86:4.29.0` where the version ("v86") matches the version of the chromium-based browser you're using and the version number of the artifact is the same as Selenium's.
]]></system-err>
  </testcase>
  <testcase name="testRegisterPageForm_NoData_NoAgree" classname="testCases.RegisterPage.TC_003_REGISTER" time="1.909">
    <system-err><![CDATA[Sep 22, 2025 2:14:13 PM org.openqa.selenium.devtools.CdpVersionFinder findNearestMatch
WARNING: Unable to find CDP implementation matching 140
Sep 22, 2025 2:14:13 PM org.openqa.selenium.chromium.ChromiumDriver lambda$new$4
WARNING: Unable to find version of CDP to use for 140.0.7339.185. You may need to include a dependency on a specific version of the CDP using something similar to `org.seleniumhq.selenium:selenium-devtools-v86:4.29.0` where the version ("v86") matches the version of the chromium-based browser you're using and the version number of the artifact is the same as Selenium's.
]]></system-err>
  </testcase>
  <testcase name="testRegisterPageForm_NoData_Agree" classname="testCases.RegisterPage.TC_004_REGISTER" time="1.899">
    <system-err><![CDATA[Sep 22, 2025 2:14:21 PM org.openqa.selenium.devtools.CdpVersionFinder findNearestMatch
WARNING: Unable to find CDP implementation matching 140
Sep 22, 2025 2:14:21 PM org.openqa.selenium.chromium.ChromiumDriver lambda$new$4
WARNING: Unable to find version of CDP to use for 140.0.7339.185. You may need to include a dependency on a specific version of the CDP using something similar to `org.seleniumhq.selenium:selenium-devtools-v86:4.29.0` where the version ("v86") matches the version of the chromium-based browser you're using and the version number of the artifact is the same as Selenium's.
]]></system-err>
  </testcase>
  <testcase name="testRegisterPageForm_NoData_NoAgree_SubscriptionYes" classname="testCases.RegisterPage.TC_005_REGISTER" time="2.219">
    <system-err><![CDATA[Sep 22, 2025 2:14:28 PM org.openqa.selenium.devtools.CdpVersionFinder findNearestMatch
WARNING: Unable to find CDP implementation matching 140
Sep 22, 2025 2:14:28 PM org.openqa.selenium.chromium.ChromiumDriver lambda$new$4
WARNING: Unable to find version of CDP to use for 140.0.7339.185. You may need to include a dependency on a specific version of the CDP using something similar to `org.seleniumhq.selenium:selenium-devtools-v86:4.29.0` where the version ("v86") matches the version of the chromium-based browser you're using and the version number of the artifact is the same as Selenium's.
]]></system-err>
  </testcase>
  <testcase name="testRegisterPageForm_NoData_Agree_SubscriptionYes" classname="testCases.RegisterPage.TC_006_REGISTER" time="2.15">
    <system-err><![CDATA[Sep 22, 2025 2:14:35 PM org.openqa.selenium.devtools.CdpVersionFinder findNearestMatch
WARNING: Unable to find CDP implementation matching 140
Sep 22, 2025 2:14:35 PM org.openqa.selenium.chromium.ChromiumDriver lambda$new$4
WARNING: Unable to find version of CDP to use for 140.0.7339.185. You may need to include a dependency on a specific version of the CDP using something similar to `org.seleniumhq.selenium:selenium-devtools-v86:4.29.0` where the version ("v86") matches the version of the chromium-based browser you're using and the version number of the artifact is the same as Selenium's.
]]></system-err>
  </testcase>
  <testcase name="testRegisterPageForm_ValidData[Test, User, user25e11e25@mail.com, 1234567890, pass123, pass123](1)" classname="testCases.RegisterPage.TC_012_REGISTER" time="3.215">
    <system-err><![CDATA[Sep 22, 2025 2:14:42 PM org.openqa.selenium.devtools.CdpVersionFinder findNearestMatch
WARNING: Unable to find CDP implementation matching 140
Sep 22, 2025 2:14:42 PM org.openqa.selenium.chromium.ChromiumDriver lambda$new$4
WARNING: Unable to find version of CDP to use for 140.0.7339.185. You may need to include a dependency on a specific version of the CDP using something similar to `org.seleniumhq.selenium:selenium-devtools-v86:4.29.0` where the version ("v86") matches the version of the chromium-based browser you're using and the version number of the artifact is the same as Selenium's.
]]></system-err>
  </testcase>
</testsuite>