<?xml version="1.0" encoding="UTF-8"?>
<testng-results ignored="0" total="53" passed="52" failed="1" skipped="0">
  <reporter-output>
  </reporter-output>
  <suite started-at="2025-09-22T14:09:49 EDT" name="MyTestSuite" finished-at="2025-09-22T14:13:59 EDT" duration-ms="249483">
    <groups>
    </groups>
    <test started-at="2025-09-22T14:09:49 EDT" name="HomePageTests" finished-at="2025-09-22T14:13:59 EDT" duration-ms="249483">
      <class name="testCases.Homepage.TC_012_HOMEPAGE">
        <test-method is-config="true" signature="setup()[pri:0, instance:testCases.Homepage.TC_012_HOMEPAGE@47eaca72]" started-at="2025-09-22T14:10:51 EDT" name="setup" finished-at="2025-09-22T14:10:55 EDT" duration-ms="4392" status="PASS">
          <reporter-output>
          </reporter-output>
        </test-method> <!-- setup -->
        <test-method signature="testNavLinksTextVisibility()[pri:0, instance:testCases.Homepage.TC_012_HOMEPAGE@47eaca72]" started-at="2025-09-22T14:10:55 EDT" name="testNavLinksTextVisibility" finished-at="2025-09-22T14:10:55 EDT" duration-ms="328" status="PASS">
          <reporter-output>
          </reporter-output>
        </test-method> <!-- testNavLinksTextVisibility -->
        <test-method is-config="true" signature="tearDown()[pri:0, instance:testCases.Homepage.TC_012_HOMEPAGE@47eaca72]" started-at="2025-09-22T14:10:55 EDT" name="tearDown" finished-at="2025-09-22T14:10:56 EDT" duration-ms="226" status="PASS">
          <reporter-output>
          </reporter-output>
        </test-method> <!-- tearDown -->
      </class> <!-- testCases.Homepage.TC_012_HOMEPAGE -->
      <class name="testCases.Homepage.TC_015_HOMEPAGE">
        <test-method is-config="true" signature="setup()[pri:0, instance:testCases.Homepage.TC_015_HOMEPAGE@3270d194]" started-at="2025-09-22T14:12:21 EDT" name="setup" finished-at="2025-09-22T14:12:26 EDT" duration-ms="4705" status="PASS">
          <reporter-output>
          </reporter-output>
        </test-method> <!-- setup -->
        <test-method signature="testFeaturedHeadingVisibilityAndText()[pri:0, instance:testCases.Homepage.TC_015_HOMEPAGE@3270d194]" started-at="2025-09-22T14:12:26 EDT" name="testFeaturedHeadingVisibilityAndText" finished-at="2025-09-22T14:12:26 EDT" duration-ms="99" status="PASS">
          <reporter-output>
          </reporter-output>
        </test-method> <!-- testFeaturedHeadingVisibilityAndText -->
        <test-method is-config="true" signature="tearDown()[pri:0, instance:testCases.Homepage.TC_015_HOMEPAGE@3270d194]" started-at="2025-09-22T14:12:26 EDT" name="tearDown" finished-at="2025-09-22T14:12:27 EDT" duration-ms="207" status="PASS">
          <reporter-output>
          </reporter-output>
        </test-method> <!-- tearDown -->
      </class> <!-- testCases.Homepage.TC_015_HOMEPAGE -->
      <class name="testCases.Homepage.TC_009_HOMEPAGE">
        <test-method is-config="true" signature="setup()[pri:0, instance:testCases.Homepage.TC_009_HOMEPAGE@7b2bbc3]" started-at="2025-09-22T14:10:35 EDT" name="setup" finished-at="2025-09-22T14:10:40 EDT" duration-ms="4892" status="PASS">
          <reporter-output>
          </reporter-output>
        </test-method> <!-- setup -->
        <test-method signature="testSearchBarVisibility_HeaderUI()[pri:0, instance:testCases.Homepage.TC_009_HOMEPAGE@7b2bbc3]" started-at="2025-09-22T14:10:40 EDT" name="testSearchBarVisibility_HeaderUI" finished-at="2025-09-22T14:10:40 EDT" duration-ms="122" status="PASS">
          <reporter-output>
          </reporter-output>
        </test-method> <!-- testSearchBarVisibility_HeaderUI -->
        <test-method is-config="true" signature="tearDown()[pri:0, instance:testCases.Homepage.TC_009_HOMEPAGE@7b2bbc3]" started-at="2025-09-22T14:10:40 EDT" name="tearDown" finished-at="2025-09-22T14:10:40 EDT" duration-ms="163" status="PASS">
          <reporter-output>
          </reporter-output>
        </test-method> <!-- tearDown -->
      </class> <!-- testCases.Homepage.TC_009_HOMEPAGE -->
      <class name="testCases.Homepage.TC_005_HOMEPAGE">
        <test-method is-config="true" signature="setup()[pri:0, instance:testCases.Homepage.TC_005_HOMEPAGE@368f2016]" started-at="2025-09-22T14:10:13 EDT" name="setup" finished-at="2025-09-22T14:10:19 EDT" duration-ms="5683" status="PASS">
          <reporter-output>
          </reporter-output>
        </test-method> <!-- setup -->
        <test-method signature="testMyAccountDropDownElementVisibilityAndText_HeaderUI()[pri:0, instance:testCases.Homepage.TC_005_HOMEPAGE@368f2016]" started-at="2025-09-22T14:10:19 EDT" name="testMyAccountDropDownElementVisibilityAndText_HeaderUI" finished-at="2025-09-22T14:10:19 EDT" duration-ms="451" status="PASS">
          <reporter-output>
          </reporter-output>
        </test-method> <!-- testMyAccountDropDownElementVisibilityAndText_HeaderUI -->
        <test-method is-config="true" signature="tearDown()[pri:0, instance:testCases.Homepage.TC_005_HOMEPAGE@368f2016]" started-at="2025-09-22T14:10:19 EDT" name="tearDown" finished-at="2025-09-22T14:10:20 EDT" duration-ms="171" status="PASS">
          <reporter-output>
          </reporter-output>
        </test-method> <!-- tearDown -->
      </class> <!-- testCases.Homepage.TC_005_HOMEPAGE -->
      <class name="testCases.Homepage.TC_022_HOMEPAGE">
        <test-method is-config="true" signature="setup()[pri:0, instance:testCases.Homepage.TC_022_HOMEPAGE@77888435]" started-at="2025-09-22T14:13:17 EDT" name="setup" finished-at="2025-09-22T14:13:22 EDT" duration-ms="4932" status="PASS">
          <reporter-output>
          </reporter-output>
        </test-method> <!-- setup -->
        <test-method signature="testLaptopsNotebooksMenuPageRedirection_Macs()[pri:1, instance:testCases.Homepage.TC_022_HOMEPAGE@77888435]" started-at="2025-09-22T14:13:22 EDT" name="testLaptopsNotebooksMenuPageRedirection_Macs" finished-at="2025-09-22T14:13:26 EDT" duration-ms="3480" status="PASS">
          <reporter-output>
          </reporter-output>
        </test-method> <!-- testLaptopsNotebooksMenuPageRedirection_Macs -->
        <test-method signature="testLaptopsNotebooksMenuPageRedirection_Windows()[pri:2, instance:testCases.Homepage.TC_022_HOMEPAGE@77888435]" started-at="2025-09-22T14:13:26 EDT" name="testLaptopsNotebooksMenuPageRedirection_Windows" finished-at="2025-09-22T14:13:29 EDT" duration-ms="3471" status="PASS">
          <reporter-output>
          </reporter-output>
        </test-method> <!-- testLaptopsNotebooksMenuPageRedirection_Windows -->
        <test-method signature="testLaptopsNotebooksMenuPageRedirection_LaptopsNotebooks()[pri:3, instance:testCases.Homepage.TC_022_HOMEPAGE@77888435]" started-at="2025-09-22T14:13:29 EDT" name="testLaptopsNotebooksMenuPageRedirection_LaptopsNotebooks" finished-at="2025-09-22T14:13:33 EDT" duration-ms="3482" status="PASS">
          <reporter-output>
          </reporter-output>
        </test-method> <!-- testLaptopsNotebooksMenuPageRedirection_LaptopsNotebooks -->
        <test-method is-config="true" signature="tearDown()[pri:0, instance:testCases.Homepage.TC_022_HOMEPAGE@77888435]" started-at="2025-09-22T14:13:33 EDT" name="tearDown" finished-at="2025-09-22T14:13:33 EDT" duration-ms="190" status="PASS">
          <reporter-output>
          </reporter-output>
        </test-method> <!-- tearDown -->
      </class> <!-- testCases.Homepage.TC_022_HOMEPAGE -->
      <class name="testCases.Homepage.TC_021_HOMEPAGE">
        <test-method is-config="true" signature="setup()[pri:0, instance:testCases.Homepage.TC_021_HOMEPAGE@14cd1699]" started-at="2025-09-22T14:13:02 EDT" name="setup" finished-at="2025-09-22T14:13:07 EDT" duration-ms="4489" status="PASS">
          <reporter-output>
          </reporter-output>
        </test-method> <!-- setup -->
        <test-method signature="testDesktopsMenuPageRedirection_PC()[pri:1, instance:testCases.Homepage.TC_021_HOMEPAGE@14cd1699]" started-at="2025-09-22T14:13:07 EDT" name="testDesktopsMenuPageRedirection_PC" finished-at="2025-09-22T14:13:10 EDT" duration-ms="3526" status="PASS">
          <reporter-output>
          </reporter-output>
        </test-method> <!-- testDesktopsMenuPageRedirection_PC -->
        <test-method signature="testDesktopsMenuPageRedirection_Mac()[pri:2, instance:testCases.Homepage.TC_021_HOMEPAGE@14cd1699]" started-at="2025-09-22T14:13:10 EDT" name="testDesktopsMenuPageRedirection_Mac" finished-at="2025-09-22T14:13:14 EDT" duration-ms="3450" status="PASS">
          <reporter-output>
          </reporter-output>
        </test-method> <!-- testDesktopsMenuPageRedirection_Mac -->
        <test-method signature="testDesktopsMenuPageRedirection_Desktops()[pri:3, instance:testCases.Homepage.TC_021_HOMEPAGE@14cd1699]" started-at="2025-09-22T14:13:14 EDT" name="testDesktopsMenuPageRedirection_Desktops" finished-at="2025-09-22T14:13:17 EDT" duration-ms="3431" status="PASS">
          <reporter-output>
          </reporter-output>
        </test-method> <!-- testDesktopsMenuPageRedirection_Desktops -->
        <test-method is-config="true" signature="tearDown()[pri:0, instance:testCases.Homepage.TC_021_HOMEPAGE@14cd1699]" started-at="2025-09-22T14:13:17 EDT" name="tearDown" finished-at="2025-09-22T14:13:17 EDT" duration-ms="231" status="PASS">
          <reporter-output>
          </reporter-output>
        </test-method> <!-- tearDown -->
      </class> <!-- testCases.Homepage.TC_021_HOMEPAGE -->
      <class name="testCases.Homepage.TC_019_HOMEPAGE">
        <test-method is-config="true" signature="setup()[pri:0, instance:testCases.Homepage.TC_019_HOMEPAGE@4218d6a3]" started-at="2025-09-22T14:12:50 EDT" name="setup" finished-at="2025-09-22T14:12:55 EDT" duration-ms="5274" status="PASS">
          <reporter-output>
          </reporter-output>
        </test-method> <!-- setup -->
        <test-method signature="testFooterHeadingsText()[pri:0, instance:testCases.Homepage.TC_019_HOMEPAGE@4218d6a3]" started-at="2025-09-22T14:12:55 EDT" name="testFooterHeadingsText" finished-at="2025-09-22T14:12:55 EDT" duration-ms="90" status="PASS">
          <reporter-output>
          </reporter-output>
        </test-method> <!-- testFooterHeadingsText -->
        <test-method signature="testFooterHeadingsVisibility()[pri:0, instance:testCases.Homepage.TC_019_HOMEPAGE@4218d6a3]" started-at="2025-09-22T14:12:55 EDT" name="testFooterHeadingsVisibility" finished-at="2025-09-22T14:12:56 EDT" duration-ms="1060" status="PASS">
          <reporter-output>
          </reporter-output>
        </test-method> <!-- testFooterHeadingsVisibility -->
        <test-method is-config="true" signature="tearDown()[pri:0, instance:testCases.Homepage.TC_019_HOMEPAGE@4218d6a3]" started-at="2025-09-22T14:12:56 EDT" name="tearDown" finished-at="2025-09-22T14:12:56 EDT" duration-ms="172" status="PASS">
          <reporter-output>
          </reporter-output>
        </test-method> <!-- tearDown -->
      </class> <!-- testCases.Homepage.TC_019_HOMEPAGE -->
      <class name="testCases.Homepage.TC_003_HOMEPAGE">
        <test-method is-config="true" signature="setup()[pri:0, instance:testCases.Homepage.TC_003_HOMEPAGE@7c7b252e]" started-at="2025-09-22T14:10:01 EDT" name="setup" finished-at="2025-09-22T14:10:07 EDT" duration-ms="5481" status="PASS">
          <reporter-output>
          </reporter-output>
        </test-method> <!-- setup -->
        <test-method signature="testCurrencyDropDownElementVisibilityAndText_HeaderUI()[pri:0, instance:testCases.Homepage.TC_003_HOMEPAGE@7c7b252e]" started-at="2025-09-22T14:10:07 EDT" name="testCurrencyDropDownElementVisibilityAndText_HeaderUI" finished-at="2025-09-22T14:10:07 EDT" duration-ms="579" status="PASS">
          <reporter-output>
          </reporter-output>
        </test-method> <!-- testCurrencyDropDownElementVisibilityAndText_HeaderUI -->
        <test-method is-config="true" signature="tearDown()[pri:0, instance:testCases.Homepage.TC_003_HOMEPAGE@7c7b252e]" started-at="2025-09-22T14:10:07 EDT" name="tearDown" finished-at="2025-09-22T14:10:07 EDT" duration-ms="216" status="PASS">
          <reporter-output>
          </reporter-output>
        </test-method> <!-- tearDown -->
      </class> <!-- testCases.Homepage.TC_003_HOMEPAGE -->
      <class name="testCases.Homepage.TC_016_HOMEPAGE">
        <test-method is-config="true" signature="setup()[pri:0, instance:testCases.Homepage.TC_016_HOMEPAGE@235834f2]" started-at="2025-09-22T14:12:27 EDT" name="setup" finished-at="2025-09-22T14:12:32 EDT" duration-ms="5371" status="PASS">
          <reporter-output>
          </reporter-output>
        </test-method> <!-- setup -->
        <test-method signature="testFeaturedSectionElementsVisibility_Images()[pri:0, instance:testCases.Homepage.TC_016_HOMEPAGE@235834f2]" started-at="2025-09-22T14:12:32 EDT" name="testFeaturedSectionElementsVisibility_Images" finished-at="2025-09-22T14:12:32 EDT" duration-ms="75" status="PASS">
          <reporter-output>
          </reporter-output>
        </test-method> <!-- testFeaturedSectionElementsVisibility_Images -->
        <test-method signature="testFeaturedSectionElements_Images_Caption()[pri:0, instance:testCases.Homepage.TC_016_HOMEPAGE@235834f2]" started-at="2025-09-22T14:12:32 EDT" name="testFeaturedSectionElements_Images_Caption" finished-at="2025-09-22T14:12:32 EDT" duration-ms="68" status="PASS">
          <reporter-output>
          </reporter-output>
        </test-method> <!-- testFeaturedSectionElements_Images_Caption -->
        <test-method signature="testFeaturedSectionElements_Images_OldPrice()[pri:0, instance:testCases.Homepage.TC_016_HOMEPAGE@235834f2]" started-at="2025-09-22T14:12:32 EDT" name="testFeaturedSectionElements_Images_OldPrice" finished-at="2025-09-22T14:12:32 EDT" duration-ms="41" status="PASS">
          <reporter-output>
          </reporter-output>
        </test-method> <!-- testFeaturedSectionElements_Images_OldPrice -->
        <test-method signature="testFeaturedSectionElements_Images_Price()[pri:0, instance:testCases.Homepage.TC_016_HOMEPAGE@235834f2]" started-at="2025-09-22T14:12:32 EDT" name="testFeaturedSectionElements_Images_Price" finished-at="2025-09-22T14:12:32 EDT" duration-ms="55" status="PASS">
          <reporter-output>
          </reporter-output>
        </test-method> <!-- testFeaturedSectionElements_Images_Price -->
        <test-method signature="testFeaturedSectionElements_Images_TaxPrice()[pri:0, instance:testCases.Homepage.TC_016_HOMEPAGE@235834f2]" started-at="2025-09-22T14:12:32 EDT" name="testFeaturedSectionElements_Images_TaxPrice" finished-at="2025-09-22T14:12:32 EDT" duration-ms="52" status="PASS">
          <reporter-output>
          </reporter-output>
        </test-method> <!-- testFeaturedSectionElements_Images_TaxPrice -->
        <test-method signature="testFeaturedSectionElements_Images_Title()[pri:0, instance:testCases.Homepage.TC_016_HOMEPAGE@235834f2]" started-at="2025-09-22T14:12:32 EDT" name="testFeaturedSectionElements_Images_Title" finished-at="2025-09-22T14:12:32 EDT" duration-ms="34" status="PASS">
          <reporter-output>
          </reporter-output>
        </test-method> <!-- testFeaturedSectionElements_Images_Title -->
        <test-method signature="testFeaturedSectionElements_Images_URL()[pri:0, instance:testCases.Homepage.TC_016_HOMEPAGE@235834f2]" started-at="2025-09-22T14:12:32 EDT" name="testFeaturedSectionElements_Images_URL" finished-at="2025-09-22T14:12:32 EDT" duration-ms="35" status="PASS">
          <reporter-output>
          </reporter-output>
        </test-method> <!-- testFeaturedSectionElements_Images_URL -->
        <test-method is-config="true" signature="tearDown()[pri:0, instance:testCases.Homepage.TC_016_HOMEPAGE@235834f2]" started-at="2025-09-22T14:12:32 EDT" name="tearDown" finished-at="2025-09-22T14:12:32 EDT" duration-ms="179" status="PASS">
          <reporter-output>
          </reporter-output>
        </test-method> <!-- tearDown -->
      </class> <!-- testCases.Homepage.TC_016_HOMEPAGE -->
      <class name="testCases.Homepage.TC_002_HOMEPAGE">
        <test-method is-config="true" signature="setup()[pri:0, instance:testCases.Homepage.TC_002_HOMEPAGE@7cc0cdad]" started-at="2025-09-22T14:09:56 EDT" name="setup" finished-at="2025-09-22T14:10:01 EDT" duration-ms="4754" status="PASS">
          <reporter-output>
          </reporter-output>
        </test-method> <!-- setup -->
        <test-method signature="testLogoVisibilityAndText()[pri:0, instance:testCases.Homepage.TC_002_HOMEPAGE@7cc0cdad]" started-at="2025-09-22T14:10:01 EDT" name="testLogoVisibilityAndText" finished-at="2025-09-22T14:10:01 EDT" duration-ms="133" status="PASS">
          <reporter-output>
          </reporter-output>
        </test-method> <!-- testLogoVisibilityAndText -->
        <test-method is-config="true" signature="tearDown()[pri:0, instance:testCases.Homepage.TC_002_HOMEPAGE@7cc0cdad]" started-at="2025-09-22T14:10:01 EDT" name="tearDown" finished-at="2025-09-22T14:10:01 EDT" duration-ms="185" status="PASS">
          <reporter-output>
          </reporter-output>
        </test-method> <!-- tearDown -->
      </class> <!-- testCases.Homepage.TC_002_HOMEPAGE -->
      <class name="testCases.Homepage.TC_006_HOMEPAGE">
        <test-method is-config="true" signature="setup()[pri:0, instance:testCases.Homepage.TC_006_HOMEPAGE@4c583ecf]" started-at="2025-09-22T14:10:20 EDT" name="setup" finished-at="2025-09-22T14:10:24 EDT" duration-ms="4748" status="PASS">
          <reporter-output>
          </reporter-output>
        </test-method> <!-- setup -->
        <test-method signature="testWishListElementVisibiityAndText_HeaderUI()[pri:0, instance:testCases.Homepage.TC_006_HOMEPAGE@4c583ecf]" started-at="2025-09-22T14:10:24 EDT" name="testWishListElementVisibiityAndText_HeaderUI" finished-at="2025-09-22T14:10:25 EDT" duration-ms="162" status="PASS">
          <reporter-output>
          </reporter-output>
        </test-method> <!-- testWishListElementVisibiityAndText_HeaderUI -->
        <test-method is-config="true" signature="tearDown()[pri:0, instance:testCases.Homepage.TC_006_HOMEPAGE@4c583ecf]" started-at="2025-09-22T14:10:25 EDT" name="tearDown" finished-at="2025-09-22T14:10:25 EDT" duration-ms="163" status="PASS">
          <reporter-output>
          </reporter-output>
        </test-method> <!-- tearDown -->
      </class> <!-- testCases.Homepage.TC_006_HOMEPAGE -->
      <class name="testCases.Homepage.TC_007_HOMEPAGE">
        <test-method is-config="true" signature="setup()[pri:0, instance:testCases.Homepage.TC_007_HOMEPAGE@692f203f]" started-at="2025-09-22T14:10:25 EDT" name="setup" finished-at="2025-09-22T14:10:29 EDT" duration-ms="4586" status="PASS">
          <reporter-output>
          </reporter-output>
        </test-method> <!-- setup -->
        <test-method signature="testShoppingCartElementVisibilityAndText_HeaderUI()[pri:0, instance:testCases.Homepage.TC_007_HOMEPAGE@692f203f]" started-at="2025-09-22T14:10:29 EDT" name="testShoppingCartElementVisibilityAndText_HeaderUI" finished-at="2025-09-22T14:10:29 EDT" duration-ms="157" status="PASS">
          <reporter-output>
          </reporter-output>
        </test-method> <!-- testShoppingCartElementVisibilityAndText_HeaderUI -->
        <test-method is-config="true" signature="tearDown()[pri:0, instance:testCases.Homepage.TC_007_HOMEPAGE@692f203f]" started-at="2025-09-22T14:10:29 EDT" name="tearDown" finished-at="2025-09-22T14:10:30 EDT" duration-ms="170" status="PASS">
          <reporter-output>
          </reporter-output>
        </test-method> <!-- tearDown -->
      </class> <!-- testCases.Homepage.TC_007_HOMEPAGE -->
      <class name="testCases.Homepage.TC_004_HOMEPAGE">
        <test-method is-config="true" signature="setup()[pri:0, instance:testCases.Homepage.TC_004_HOMEPAGE@4d5d943d]" started-at="2025-09-22T14:10:07 EDT" name="setup" finished-at="2025-09-22T14:10:13 EDT" duration-ms="5624" status="PASS">
          <reporter-output>
          </reporter-output>
        </test-method> <!-- setup -->
        <test-method signature="testPhoneElementVisibilityAndText_HeaderUI()[pri:0, instance:testCases.Homepage.TC_004_HOMEPAGE@4d5d943d]" started-at="2025-09-22T14:10:13 EDT" name="testPhoneElementVisibilityAndText_HeaderUI" finished-at="2025-09-22T14:10:13 EDT" duration-ms="156" status="PASS">
          <reporter-output>
          </reporter-output>
        </test-method> <!-- testPhoneElementVisibilityAndText_HeaderUI -->
        <test-method is-config="true" signature="tearDown()[pri:0, instance:testCases.Homepage.TC_004_HOMEPAGE@4d5d943d]" started-at="2025-09-22T14:10:13 EDT" name="tearDown" finished-at="2025-09-22T14:10:13 EDT" duration-ms="194" status="PASS">
          <reporter-output>
          </reporter-output>
        </test-method> <!-- tearDown -->
      </class> <!-- testCases.Homepage.TC_004_HOMEPAGE -->
      <class name="testCases.Homepage.TC_017_HOMEPAGE">
        <test-method is-config="true" signature="setup()[pri:0, instance:testCases.Homepage.TC_017_HOMEPAGE@5656be13]" started-at="2025-09-22T14:12:32 EDT" name="setup" finished-at="2025-09-22T14:12:37 EDT" duration-ms="4706" status="PASS">
          <reporter-output>
          </reporter-output>
        </test-method> <!-- setup -->
        <test-method signature="testFeaturedAddToCartButtonVisibility()[pri:0, instance:testCases.Homepage.TC_017_HOMEPAGE@5656be13]" started-at="2025-09-22T14:12:37 EDT" name="testFeaturedAddToCartButtonVisibility" finished-at="2025-09-22T14:12:41 EDT" duration-ms="4101" status="PASS">
          <reporter-output>
          </reporter-output>
        </test-method> <!-- testFeaturedAddToCartButtonVisibility -->
        <test-method signature="testFeaturedAddToWishListButtonVisibility()[pri:0, instance:testCases.Homepage.TC_017_HOMEPAGE@5656be13]" started-at="2025-09-22T14:12:41 EDT" name="testFeaturedAddToWishListButtonVisibility" finished-at="2025-09-22T14:12:45 EDT" duration-ms="4082" status="PASS">
          <reporter-output>
          </reporter-output>
        </test-method> <!-- testFeaturedAddToWishListButtonVisibility -->
        <test-method signature="testFeaturedCompareThisProductButtonVisibility()[pri:0, instance:testCases.Homepage.TC_017_HOMEPAGE@5656be13]" started-at="2025-09-22T14:12:45 EDT" name="testFeaturedCompareThisProductButtonVisibility" finished-at="2025-09-22T14:12:49 EDT" duration-ms="4102" status="PASS">
          <reporter-output>
          </reporter-output>
        </test-method> <!-- testFeaturedCompareThisProductButtonVisibility -->
        <test-method is-config="true" signature="tearDown()[pri:0, instance:testCases.Homepage.TC_017_HOMEPAGE@5656be13]" started-at="2025-09-22T14:12:49 EDT" name="tearDown" finished-at="2025-09-22T14:12:50 EDT" duration-ms="231" status="PASS">
          <reporter-output>
          </reporter-output>
        </test-method> <!-- tearDown -->
      </class> <!-- testCases.Homepage.TC_017_HOMEPAGE -->
      <class name="testCases.Homepage.TC_001_HOMEPAGE">
        <test-method is-config="true" signature="setup()[pri:0, instance:testCases.Homepage.TC_001_HOMEPAGE@34a3d150]" started-at="2025-09-22T14:09:49 EDT" name="setup" finished-at="2025-09-22T14:09:55 EDT" duration-ms="6014" status="PASS">
          <reporter-output>
          </reporter-output>
        </test-method> <!-- setup -->
        <test-method signature="testPageURLTitle()[pri:0, instance:testCases.Homepage.TC_001_HOMEPAGE@34a3d150]" started-at="2025-09-22T14:09:56 EDT" name="testPageURLTitle" finished-at="2025-09-22T14:09:56 EDT" duration-ms="177" status="PASS">
          <reporter-output>
          </reporter-output>
        </test-method> <!-- testPageURLTitle -->
        <test-method is-config="true" signature="tearDown()[pri:0, instance:testCases.Homepage.TC_001_HOMEPAGE@34a3d150]" started-at="2025-09-22T14:09:56 EDT" name="tearDown" finished-at="2025-09-22T14:09:56 EDT" duration-ms="186" status="PASS">
          <reporter-output>
          </reporter-output>
        </test-method> <!-- tearDown -->
      </class> <!-- testCases.Homepage.TC_001_HOMEPAGE -->
      <class name="testCases.Homepage.TC_011_HOMEPAGE">
        <test-method is-config="true" signature="setup()[pri:0, instance:testCases.Homepage.TC_011_HOMEPAGE@1aafa419]" started-at="2025-09-22T14:10:45 EDT" name="setup" finished-at="2025-09-22T14:10:50 EDT" duration-ms="5169" status="PASS">
          <reporter-output>
          </reporter-output>
        </test-method> <!-- setup -->
        <test-method signature="testShoppingCartButtonLabelTextVisibility_NoItems_Header_UI()[pri:0, instance:testCases.Homepage.TC_011_HOMEPAGE@1aafa419]" started-at="2025-09-22T14:10:50 EDT" name="testShoppingCartButtonLabelTextVisibility_NoItems_Header_UI" finished-at="2025-09-22T14:10:50 EDT" duration-ms="55" status="PASS">
          <reporter-output>
          </reporter-output>
        </test-method> <!-- testShoppingCartButtonLabelTextVisibility_NoItems_Header_UI -->
        <test-method is-config="true" signature="tearDown()[pri:0, instance:testCases.Homepage.TC_011_HOMEPAGE@1aafa419]" started-at="2025-09-22T14:10:50 EDT" name="tearDown" finished-at="2025-09-22T14:10:51 EDT" duration-ms="167" status="PASS">
          <reporter-output>
          </reporter-output>
        </test-method> <!-- tearDown -->
      </class> <!-- testCases.Homepage.TC_011_HOMEPAGE -->
      <class name="testCases.Homepage.TC_020_HOMEPAGE">
        <test-method is-config="true" signature="setup()[pri:0, instance:testCases.Homepage.TC_020_HOMEPAGE@76505305]" started-at="2025-09-22T14:12:56 EDT" name="setup" finished-at="2025-09-22T14:13:01 EDT" duration-ms="4687" status="PASS">
          <reporter-output>
          </reporter-output>
        </test-method> <!-- setup -->
        <test-method signature="testFooterHyperlinksText()[pri:0, instance:testCases.Homepage.TC_020_HOMEPAGE@76505305]" started-at="2025-09-22T14:13:01 EDT" name="testFooterHyperlinksText" finished-at="2025-09-22T14:13:01 EDT" duration-ms="193" status="PASS">
          <reporter-output>
          </reporter-output>
        </test-method> <!-- testFooterHyperlinksText -->
        <test-method signature="testFooterHyperlinksVisibility()[pri:0, instance:testCases.Homepage.TC_020_HOMEPAGE@76505305]" started-at="2025-09-22T14:13:01 EDT" name="testFooterHyperlinksVisibility" finished-at="2025-09-22T14:13:02 EDT" duration-ms="1063" status="PASS">
          <reporter-output>
          </reporter-output>
        </test-method> <!-- testFooterHyperlinksVisibility -->
        <test-method is-config="true" signature="tearDown()[pri:0, instance:testCases.Homepage.TC_020_HOMEPAGE@76505305]" started-at="2025-09-22T14:13:02 EDT" name="tearDown" finished-at="2025-09-22T14:13:02 EDT" duration-ms="162" status="PASS">
          <reporter-output>
          </reporter-output>
        </test-method> <!-- tearDown -->
      </class> <!-- testCases.Homepage.TC_020_HOMEPAGE -->
      <class name="testCases.Homepage.TC_013_HOMEPAGE">
        <test-method is-config="true" signature="setup()[pri:0, instance:testCases.Homepage.TC_013_HOMEPAGE@55141def]" started-at="2025-09-22T14:10:56 EDT" name="setup" finished-at="2025-09-22T14:11:01 EDT" duration-ms="5136" status="PASS">
          <reporter-output>
          </reporter-output>
        </test-method> <!-- setup -->
        <test-method signature="testNavDropdownLinksVisibility_Desktops_HeaderUI()[pri:1, instance:testCases.Homepage.TC_013_HOMEPAGE@55141def]" started-at="2025-09-22T14:11:01 EDT" name="testNavDropdownLinksVisibility_Desktops_HeaderUI" finished-at="2025-09-22T14:11:01 EDT" duration-ms="269" status="PASS">
          <reporter-output>
          </reporter-output>
        </test-method> <!-- testNavDropdownLinksVisibility_Desktops_HeaderUI -->
        <test-method signature="testNavDropdownLinksVisibility_LaptopsNotebooks_HeaderUI()[pri:2, instance:testCases.Homepage.TC_013_HOMEPAGE@55141def]" started-at="2025-09-22T14:11:01 EDT" name="testNavDropdownLinksVisibility_LaptopsNotebooks_HeaderUI" finished-at="2025-09-22T14:11:01 EDT" duration-ms="185" status="PASS">
          <reporter-output>
          </reporter-output>
        </test-method> <!-- testNavDropdownLinksVisibility_LaptopsNotebooks_HeaderUI -->
        <test-method signature="testNavDropdownLinksVisibility_Components_HeaderUI()[pri:3, instance:testCases.Homepage.TC_013_HOMEPAGE@55141def]" started-at="2025-09-22T14:11:01 EDT" name="testNavDropdownLinksVisibility_Components_HeaderUI" finished-at="2025-09-22T14:11:01 EDT" duration-ms="192" status="PASS">
          <reporter-output>
          </reporter-output>
        </test-method> <!-- testNavDropdownLinksVisibility_Components_HeaderUI -->
        <test-method signature="testNavDropdownLinksVisibility_MP3Players_HeaderUI()[pri:4, instance:testCases.Homepage.TC_013_HOMEPAGE@55141def]" started-at="2025-09-22T14:11:01 EDT" name="testNavDropdownLinksVisibility_MP3Players_HeaderUI" finished-at="2025-09-22T14:11:02 EDT" duration-ms="316" status="PASS">
          <reporter-output>
          </reporter-output>
        </test-method> <!-- testNavDropdownLinksVisibility_MP3Players_HeaderUI -->
        <test-method is-config="true" signature="tearDown()[pri:0, instance:testCases.Homepage.TC_013_HOMEPAGE@55141def]" started-at="2025-09-22T14:11:02 EDT" name="tearDown" finished-at="2025-09-22T14:11:02 EDT" duration-ms="169" status="PASS">
          <reporter-output>
          </reporter-output>
        </test-method> <!-- tearDown -->
      </class> <!-- testCases.Homepage.TC_013_HOMEPAGE -->
      <class name="testCases.Homepage.TC_014_HOMEPAGE">
        <test-method is-config="true" signature="setup()[pri:0, instance:testCases.Homepage.TC_014_HOMEPAGE@55182842]" started-at="2025-09-22T14:11:02 EDT" name="setup" finished-at="2025-09-22T14:11:07 EDT" duration-ms="5192" status="PASS">
          <reporter-output>
          </reporter-output>
        </test-method> <!-- setup -->
        <test-method signature="testImageGalleryPicturesVisibility_MacBookAir()[pri:0, instance:testCases.Homepage.TC_014_HOMEPAGE@55182842]" started-at="2025-09-22T14:11:07 EDT" name="testImageGalleryPicturesVisibility_MacBookAir" finished-at="2025-09-22T14:11:09 EDT" duration-ms="1562" status="PASS">
          <reporter-output>
          </reporter-output>
        </test-method> <!-- testImageGalleryPicturesVisibility_MacBookAir -->
        <test-method signature="testImageGalleryPicturesVisibility_iPhone()[pri:0, instance:testCases.Homepage.TC_014_HOMEPAGE@55182842]" started-at="2025-09-22T14:11:09 EDT" name="testImageGalleryPicturesVisibility_iPhone" finished-at="2025-09-22T14:12:21 EDT" duration-ms="72755" status="FAIL">
          <exception class="java.lang.AssertionError">
            <message>
              <![CDATA[expected [true] but found [false]]]>
            </message>
            <full-stacktrace>
              <![CDATA[java.lang.AssertionError: expected [true] but found [false]
at org.testng.Assert.fail(Assert.java:111)
at org.testng.Assert.failNotEquals(Assert.java:1590)
at org.testng.Assert.assertTrue(Assert.java:57)
at org.testng.Assert.assertTrue(Assert.java:67)
at testCases.Homepage.TC_014_HOMEPAGE.testImageGalleryPicturesVisibility_iPhone(TC_014_HOMEPAGE.java:15)
at java.base/jdk.internal.reflect.DirectMethodHandleAccessor.invoke(DirectMethodHandleAccessor.java:103)
at java.base/java.lang.reflect.Method.invoke(Method.java:580)
at org.testng.internal.invokers.MethodInvocationHelper.invokeMethod(MethodInvocationHelper.java:141)
at org.testng.internal.invokers.TestInvoker.invokeMethod(TestInvoker.java:687)
at org.testng.internal.invokers.TestInvoker.invokeTestMethod(TestInvoker.java:230)
at org.testng.internal.invokers.MethodRunner.runInSequence(MethodRunner.java:63)
at org.testng.internal.invokers.TestInvoker$MethodInvocationAgent.invoke(TestInvoker.java:995)
at org.testng.internal.invokers.TestInvoker.invokeTestMethods(TestInvoker.java:203)
at org.testng.internal.invokers.TestMethodWorker.invokeTestMethods(TestMethodWorker.java:154)
at org.testng.internal.invokers.TestMethodWorker.run(TestMethodWorker.java:134)
at java.base/java.util.ArrayList.forEach(ArrayList.java:1597)
at org.testng.TestRunner.privateRun(TestRunner.java:741)
at org.testng.TestRunner.run(TestRunner.java:616)
at org.testng.SuiteRunner.runTest(SuiteRunner.java:421)
at org.testng.SuiteRunner.runSequentially(SuiteRunner.java:413)
at org.testng.SuiteRunner.privateRun(SuiteRunner.java:373)
at org.testng.SuiteRunner.run(SuiteRunner.java:312)
at org.testng.SuiteRunnerWorker.runSuite(SuiteRunnerWorker.java:52)
at org.testng.SuiteRunnerWorker.run(SuiteRunnerWorker.java:95)
at org.testng.TestNG.runSuitesSequentially(TestNG.java:1274)
at org.testng.TestNG.runSuitesLocally(TestNG.java:1208)
at org.testng.TestNG.runSuites(TestNG.java:1112)
at org.testng.TestNG.run(TestNG.java:1079)
at org.apache.maven.surefire.testng.TestNGExecutor.run(TestNGExecutor.java:308)
at org.apache.maven.surefire.testng.TestNGXmlTestSuite.execute(TestNGXmlTestSuite.java:71)
at org.apache.maven.surefire.testng.TestNGProvider.invoke(TestNGProvider.java:113)
at org.apache.maven.surefire.booter.ForkedBooter.runSuitesInProcess(ForkedBooter.java:385)
at org.apache.maven.surefire.booter.ForkedBooter.execute(ForkedBooter.java:162)
at org.apache.maven.surefire.booter.ForkedBooter.run(ForkedBooter.java:507)
at org.apache.maven.surefire.booter.ForkedBooter.main(ForkedBooter.java:495)
]]>
            </full-stacktrace>
          </exception> <!-- java.lang.AssertionError -->
          <reporter-output>
          </reporter-output>
        </test-method> <!-- testImageGalleryPicturesVisibility_iPhone -->
        <test-method is-config="true" signature="tearDown()[pri:0, instance:testCases.Homepage.TC_014_HOMEPAGE@55182842]" started-at="2025-09-22T14:12:21 EDT" name="tearDown" finished-at="2025-09-22T14:12:21 EDT" duration-ms="174" status="PASS">
          <reporter-output>
          </reporter-output>
        </test-method> <!-- tearDown -->
      </class> <!-- testCases.Homepage.TC_014_HOMEPAGE -->
      <class name="testCases.Homepage.TC_010_HOMEPAGE">
        <test-method is-config="true" signature="setup()[pri:0, instance:testCases.Homepage.TC_010_HOMEPAGE@a1153bc]" started-at="2025-09-22T14:10:40 EDT" name="setup" finished-at="2025-09-22T14:10:45 EDT" duration-ms="4707" status="PASS">
          <reporter-output>
          </reporter-output>
        </test-method> <!-- setup -->
        <test-method signature="testSearchBarPlaceholderTextVisibility_HeaderUI()[pri:0, instance:testCases.Homepage.TC_010_HOMEPAGE@a1153bc]" started-at="2025-09-22T14:10:45 EDT" name="testSearchBarPlaceholderTextVisibility_HeaderUI" finished-at="2025-09-22T14:10:45 EDT" duration-ms="44" status="PASS">
          <reporter-output>
          </reporter-output>
        </test-method> <!-- testSearchBarPlaceholderTextVisibility_HeaderUI -->
        <test-method is-config="true" signature="tearDown()[pri:0, instance:testCases.Homepage.TC_010_HOMEPAGE@a1153bc]" started-at="2025-09-22T14:10:45 EDT" name="tearDown" finished-at="2025-09-22T14:10:45 EDT" duration-ms="218" status="PASS">
          <reporter-output>
          </reporter-output>
        </test-method> <!-- tearDown -->
      </class> <!-- testCases.Homepage.TC_010_HOMEPAGE -->
      <class name="testCases.Homepage.TC_008_HOMEPAGE">
        <test-method is-config="true" signature="setup()[pri:0, instance:testCases.Homepage.TC_008_HOMEPAGE@48f2bd5b]" started-at="2025-09-22T14:10:30 EDT" name="setup" finished-at="2025-09-22T14:10:35 EDT" duration-ms="5134" status="PASS">
          <reporter-output>
          </reporter-output>
        </test-method> <!-- setup -->
        <test-method signature="testCheckoutElementVisibilityAndText_HeaderUI()[pri:0, instance:testCases.Homepage.TC_008_HOMEPAGE@48f2bd5b]" started-at="2025-09-22T14:10:35 EDT" name="testCheckoutElementVisibilityAndText_HeaderUI" finished-at="2025-09-22T14:10:35 EDT" duration-ms="150" status="PASS">
          <reporter-output>
          </reporter-output>
        </test-method> <!-- testCheckoutElementVisibilityAndText_HeaderUI -->
        <test-method is-config="true" signature="tearDown()[pri:0, instance:testCases.Homepage.TC_008_HOMEPAGE@48f2bd5b]" started-at="2025-09-22T14:10:35 EDT" name="tearDown" finished-at="2025-09-22T14:10:35 EDT" duration-ms="162" status="PASS">
          <reporter-output>
          </reporter-output>
        </test-method> <!-- tearDown -->
      </class> <!-- testCases.Homepage.TC_008_HOMEPAGE -->
      <class name="testCases.Homepage.TC_023_HOMEPAGE">
        <test-method is-config="true" signature="setup()[pri:0, instance:testCases.Homepage.TC_023_HOMEPAGE@73a1e9a9]" started-at="2025-09-22T14:13:33 EDT" name="setup" finished-at="2025-09-22T14:13:36 EDT" duration-ms="3119" status="PASS">
          <reporter-output>
          </reporter-output>
        </test-method> <!-- setup -->
        <test-method signature="testComponentsMenuPageRedirection_MiceTrackballs()[pri:1, instance:testCases.Homepage.TC_023_HOMEPAGE@73a1e9a9]" started-at="2025-09-22T14:13:36 EDT" name="testComponentsMenuPageRedirection_MiceTrackballs" finished-at="2025-09-22T14:13:41 EDT" duration-ms="4951" status="PASS">
          <reporter-output>
          </reporter-output>
        </test-method> <!-- testComponentsMenuPageRedirection_MiceTrackballs -->
        <test-method signature="testComponentsMenuPageRedirection_Monitors()[pri:2, instance:testCases.Homepage.TC_023_HOMEPAGE@73a1e9a9]" started-at="2025-09-22T14:13:41 EDT" name="testComponentsMenuPageRedirection_Monitors" finished-at="2025-09-22T14:13:45 EDT" duration-ms="3384" status="PASS">
          <reporter-output>
          </reporter-output>
        </test-method> <!-- testComponentsMenuPageRedirection_Monitors -->
        <test-method signature="testComponentsMenuPageRedirection_Printers()[pri:3, instance:testCases.Homepage.TC_023_HOMEPAGE@73a1e9a9]" started-at="2025-09-22T14:13:45 EDT" name="testComponentsMenuPageRedirection_Printers" finished-at="2025-09-22T14:13:48 EDT" duration-ms="3393" status="PASS">
          <reporter-output>
          </reporter-output>
        </test-method> <!-- testComponentsMenuPageRedirection_Printers -->
        <test-method signature="testComponentsMenuPageRedirection_Scanners()[pri:4, instance:testCases.Homepage.TC_023_HOMEPAGE@73a1e9a9]" started-at="2025-09-22T14:13:48 EDT" name="testComponentsMenuPageRedirection_Scanners" finished-at="2025-09-22T14:13:51 EDT" duration-ms="3403" status="PASS">
          <reporter-output>
          </reporter-output>
        </test-method> <!-- testComponentsMenuPageRedirection_Scanners -->
        <test-method signature="testComponentsMenuPageRedirection_WebCameras()[pri:5, instance:testCases.Homepage.TC_023_HOMEPAGE@73a1e9a9]" started-at="2025-09-22T14:13:51 EDT" name="testComponentsMenuPageRedirection_WebCameras" finished-at="2025-09-22T14:13:55 EDT" duration-ms="3542" status="PASS">
          <reporter-output>
          </reporter-output>
        </test-method> <!-- testComponentsMenuPageRedirection_WebCameras -->
        <test-method signature="testComponentsMenuPageRedirection_Components()[pri:6, instance:testCases.Homepage.TC_023_HOMEPAGE@73a1e9a9]" started-at="2025-09-22T14:13:55 EDT" name="testComponentsMenuPageRedirection_Components" finished-at="2025-09-22T14:13:58 EDT" duration-ms="3416" status="PASS">
          <reporter-output>
          </reporter-output>
        </test-method> <!-- testComponentsMenuPageRedirection_Components -->
        <test-method is-config="true" signature="tearDown()[pri:0, instance:testCases.Homepage.TC_023_HOMEPAGE@73a1e9a9]" started-at="2025-09-22T14:13:58 EDT" name="tearDown" finished-at="2025-09-22T14:13:59 EDT" duration-ms="268" status="PASS">
          <reporter-output>
          </reporter-output>
        </test-method> <!-- tearDown -->
      </class> <!-- testCases.Homepage.TC_023_HOMEPAGE -->
    </test> <!-- HomePageTests -->
  </suite> <!-- MyTestSuite -->
  <suite started-at="2025-09-22T14:13:59 EDT" name="MyTestSuite (0)" finished-at="2025-09-22T14:14:49 EDT" duration-ms="49685">
    <groups>
    </groups>
    <test started-at="2025-09-22T14:13:59 EDT" name="RegisterPageTests" finished-at="2025-09-22T14:14:49 EDT" duration-ms="49685">
      <class name="testCases.RegisterPage.TC_006_REGISTER">
        <test-method is-config="true" signature="setup()[pri:0, instance:testCases.RegisterPage.TC_006_REGISTER@bcec361]" started-at="2025-09-22T14:14:33 EDT" name="setup" finished-at="2025-09-22T14:14:38 EDT" duration-ms="4964" status="PASS">
          <reporter-output>
          </reporter-output>
        </test-method> <!-- setup -->
        <test-method signature="testRegisterPageForm_NoData_Agree_SubscriptionYes()[pri:0, instance:testCases.RegisterPage.TC_006_REGISTER@bcec361]" started-at="2025-09-22T14:14:38 EDT" name="testRegisterPageForm_NoData_Agree_SubscriptionYes" finished-at="2025-09-22T14:14:40 EDT" duration-ms="2149" status="PASS">
          <reporter-output>
          </reporter-output>
        </test-method> <!-- testRegisterPageForm_NoData_Agree_SubscriptionYes -->
        <test-method is-config="true" signature="tearDown()[pri:0, instance:testCases.RegisterPage.TC_006_REGISTER@bcec361]" started-at="2025-09-22T14:14:40 EDT" name="tearDown" finished-at="2025-09-22T14:14:41 EDT" duration-ms="180" status="PASS">
          <reporter-output>
          </reporter-output>
        </test-method> <!-- tearDown -->
      </class> <!-- testCases.RegisterPage.TC_006_REGISTER -->
      <class name="testCases.RegisterPage.TC_004_REGISTER">
        <test-method is-config="true" signature="setup()[pri:0, instance:testCases.RegisterPage.TC_004_REGISTER@4b2bac3f]" started-at="2025-09-22T14:14:19 EDT" name="setup" finished-at="2025-09-22T14:14:24 EDT" duration-ms="5128" status="PASS">
          <reporter-output>
          </reporter-output>
        </test-method> <!-- setup -->
        <test-method signature="testRegisterPageForm_NoData_Agree()[pri:0, instance:testCases.RegisterPage.TC_004_REGISTER@4b2bac3f]" started-at="2025-09-22T14:14:24 EDT" name="testRegisterPageForm_NoData_Agree" finished-at="2025-09-22T14:14:26 EDT" duration-ms="1899" status="PASS">
          <reporter-output>
          </reporter-output>
        </test-method> <!-- testRegisterPageForm_NoData_Agree -->
        <test-method is-config="true" signature="tearDown()[pri:0, instance:testCases.RegisterPage.TC_004_REGISTER@4b2bac3f]" started-at="2025-09-22T14:14:26 EDT" name="tearDown" finished-at="2025-09-22T14:14:26 EDT" duration-ms="168" status="PASS">
          <reporter-output>
          </reporter-output>
        </test-method> <!-- tearDown -->
      </class> <!-- testCases.RegisterPage.TC_004_REGISTER -->
      <class name="testCases.RegisterPage.TC_002_REGISTER">
        <test-method is-config="true" signature="setup()[pri:0, instance:testCases.RegisterPage.TC_002_REGISTER@79079097]" started-at="2025-09-22T14:14:05 EDT" name="setup" finished-at="2025-09-22T14:14:10 EDT" duration-ms="4584" status="PASS">
          <reporter-output>
          </reporter-output>
        </test-method> <!-- setup -->
        <test-method signature="testRegisterPageHeading()[pri:0, instance:testCases.RegisterPage.TC_002_REGISTER@79079097]" started-at="2025-09-22T14:14:10 EDT" name="testRegisterPageHeading" finished-at="2025-09-22T14:14:11 EDT" duration-ms="1260" status="PASS">
          <reporter-output>
          </reporter-output>
        </test-method> <!-- testRegisterPageHeading -->
        <test-method is-config="true" signature="tearDown()[pri:0, instance:testCases.RegisterPage.TC_002_REGISTER@79079097]" started-at="2025-09-22T14:14:11 EDT" name="tearDown" finished-at="2025-09-22T14:14:11 EDT" duration-ms="175" status="PASS">
          <reporter-output>
          </reporter-output>
        </test-method> <!-- tearDown -->
      </class> <!-- testCases.RegisterPage.TC_002_REGISTER -->
      <class name="testCases.RegisterPage.TC_012_REGISTER">
        <test-method is-config="true" signature="setup()[pri:0, instance:testCases.RegisterPage.TC_012_REGISTER@26794848]" started-at="2025-09-22T14:14:41 EDT" name="setup" finished-at="2025-09-22T14:14:45 EDT" duration-ms="4696" status="PASS">
          <reporter-output>
          </reporter-output>
        </test-method> <!-- setup -->
        <test-method signature="testRegisterPageForm_ValidData(java.lang.String,java.lang.String,java.lang.String,java.lang.String,java.lang.String,java.lang.String)[pri:0, instance:testCases.RegisterPage.TC_012_REGISTER@26794848]" started-at="2025-09-22T14:14:45 EDT" name="testRegisterPageForm_ValidData" data-provider="formData" finished-at="2025-09-22T14:14:49 EDT" duration-ms="3215" status="PASS">
          <params>
            <param index="0">
              <value>
                <![CDATA[Test]]>
              </value>
            </param>
            <param index="1">
              <value>
                <![CDATA[User]]>
              </value>
            </param>
            <param index="2">
              <value>
                <![CDATA[user25e11e25@mail.com]]>
              </value>
            </param>
            <param index="3">
              <value>
                <![CDATA[1234567890]]>
              </value>
            </param>
            <param index="4">
              <value>
                <![CDATA[pass123]]>
              </value>
            </param>
            <param index="5">
              <value>
                <![CDATA[pass123]]>
              </value>
            </param>
          </params>
          <reporter-output>
          </reporter-output>
        </test-method> <!-- testRegisterPageForm_ValidData -->
        <test-method is-config="true" signature="tearDown()[pri:0, instance:testCases.RegisterPage.TC_012_REGISTER@26794848]" started-at="2025-09-22T14:14:49 EDT" name="tearDown" finished-at="2025-09-22T14:14:49 EDT" duration-ms="189" status="PASS">
          <reporter-output>
          </reporter-output>
        </test-method> <!-- tearDown -->
      </class> <!-- testCases.RegisterPage.TC_012_REGISTER -->
      <class name="testCases.RegisterPage.TC_005_REGISTER">
        <test-method is-config="true" signature="setup()[pri:0, instance:testCases.RegisterPage.TC_005_REGISTER@4e08711f]" started-at="2025-09-22T14:14:26 EDT" name="setup" finished-at="2025-09-22T14:14:31 EDT" duration-ms="4883" status="PASS">
          <reporter-output>
          </reporter-output>
        </test-method> <!-- setup -->
        <test-method signature="testRegisterPageForm_NoData_NoAgree_SubscriptionYes()[pri:0, instance:testCases.RegisterPage.TC_005_REGISTER@4e08711f]" started-at="2025-09-22T14:14:31 EDT" name="testRegisterPageForm_NoData_NoAgree_SubscriptionYes" finished-at="2025-09-22T14:14:33 EDT" duration-ms="2219" status="PASS">
          <reporter-output>
          </reporter-output>
        </test-method> <!-- testRegisterPageForm_NoData_NoAgree_SubscriptionYes -->
        <test-method is-config="true" signature="tearDown()[pri:0, instance:testCases.RegisterPage.TC_005_REGISTER@4e08711f]" started-at="2025-09-22T14:14:33 EDT" name="tearDown" finished-at="2025-09-22T14:14:33 EDT" duration-ms="146" status="PASS">
          <reporter-output>
          </reporter-output>
        </test-method> <!-- tearDown -->
      </class> <!-- testCases.RegisterPage.TC_005_REGISTER -->
      <class name="testCases.RegisterPage.TC_001_REGISTER">
        <test-method is-config="true" signature="setup()[pri:0, instance:testCases.RegisterPage.TC_001_REGISTER@3bf7ca37]" started-at="2025-09-22T14:13:59 EDT" name="setup" finished-at="2025-09-22T14:14:04 EDT" duration-ms="4475" status="PASS">
          <reporter-output>
          </reporter-output>
        </test-method> <!-- setup -->
        <test-method signature="testRegisterPageTitle()[pri:0, instance:testCases.RegisterPage.TC_001_REGISTER@3bf7ca37]" started-at="2025-09-22T14:14:04 EDT" name="testRegisterPageTitle" finished-at="2025-09-22T14:14:05 EDT" duration-ms="1133" status="PASS">
          <reporter-output>
          </reporter-output>
        </test-method> <!-- testRegisterPageTitle -->
        <test-method signature="testRegisterPageURL()[pri:0, instance:testCases.RegisterPage.TC_001_REGISTER@3bf7ca37]" started-at="2025-09-22T14:14:05 EDT" name="testRegisterPageURL" finished-at="2025-09-22T14:14:05 EDT" duration-ms="414" status="PASS">
          <reporter-output>
          </reporter-output>
        </test-method> <!-- testRegisterPageURL -->
        <test-method is-config="true" signature="tearDown()[pri:0, instance:testCases.RegisterPage.TC_001_REGISTER@3bf7ca37]" started-at="2025-09-22T14:14:05 EDT" name="tearDown" finished-at="2025-09-22T14:14:05 EDT" duration-ms="222" status="PASS">
          <reporter-output>
          </reporter-output>
        </test-method> <!-- tearDown -->
      </class> <!-- testCases.RegisterPage.TC_001_REGISTER -->
      <class name="testCases.RegisterPage.TC_003_REGISTER">
        <test-method is-config="true" signature="setup()[pri:0, instance:testCases.RegisterPage.TC_003_REGISTER@4d1c00d0]" started-at="2025-09-22T14:14:11 EDT" name="setup" finished-at="2025-09-22T14:14:17 EDT" duration-ms="5482" status="PASS">
          <reporter-output>
          </reporter-output>
        </test-method> <!-- setup -->
        <test-method signature="testRegisterPageForm_NoData_NoAgree()[pri:0, instance:testCases.RegisterPage.TC_003_REGISTER@4d1c00d0]" started-at="2025-09-22T14:14:17 EDT" name="testRegisterPageForm_NoData_NoAgree" finished-at="2025-09-22T14:14:19 EDT" duration-ms="1908" status="PASS">
          <reporter-output>
          </reporter-output>
        </test-method> <!-- testRegisterPageForm_NoData_NoAgree -->
        <test-method is-config="true" signature="tearDown()[pri:0, instance:testCases.RegisterPage.TC_003_REGISTER@4d1c00d0]" started-at="2025-09-22T14:14:19 EDT" name="tearDown" finished-at="2025-09-22T14:14:19 EDT" duration-ms="170" status="PASS">
          <reporter-output>
          </reporter-output>
        </test-method> <!-- tearDown -->
      </class> <!-- testCases.RegisterPage.TC_003_REGISTER -->
    </test> <!-- RegisterPageTests -->
  </suite> <!-- MyTestSuite (0) -->
</testng-results>
