<?xml version="1.0" encoding="UTF-8"?>
<testng-results ignored="0" total="1" passed="1" failed="0" skipped="0">
  <reporter-output>
  </reporter-output>
  <suite started-at="2025-10-02T17:04:22 EDT" name="MyTestSuite" finished-at="2025-10-02T17:04:30 EDT" duration-ms="8164">
    <groups>
    </groups>
    <test started-at="2025-10-02T17:04:22 EDT" name="LoginPageTests" finished-at="2025-10-02T17:04:30 EDT" duration-ms="8164">
      <class name="testCases.LoginPage.TC_003_LOGIN">
        <test-method is-config="true" signature="setup()[pri:0, instance:testCases.LoginPage.TC_003_LOGIN@4f32a3ad]" started-at="2025-10-02T17:04:22 EDT" name="setup" finished-at="2025-10-02T17:04:28 EDT" duration-ms="6693" status="PASS">
          <reporter-output>
          </reporter-output>
        </test-method> <!-- setup -->
        <test-method signature="test()[pri:0, instance:testCases.LoginPage.TC_003_LOGIN@4f32a3ad]" started-at="2025-10-02T17:04:28 EDT" name="test" description="Verify heading text" finished-at="2025-10-02T17:04:30 EDT" duration-ms="1098" status="PASS">
          <reporter-output>
          </reporter-output>
        </test-method> <!-- test -->
        <test-method is-config="true" signature="tearDown()[pri:0, instance:testCases.LoginPage.TC_003_LOGIN@4f32a3ad]" started-at="2025-10-02T17:04:30 EDT" name="tearDown" finished-at="2025-10-02T17:04:30 EDT" duration-ms="173" status="PASS">
          <reporter-output>
          </reporter-output>
        </test-method> <!-- tearDown -->
      </class> <!-- testCases.LoginPage.TC_003_LOGIN -->
    </test> <!-- LoginPageTests -->
  </suite> <!-- MyTestSuite -->
</testng-results>
