<?xml version="1.0" encoding="UTF-8"?>
<testng-results ignored="0" total="1" passed="1" failed="0" skipped="0">
  <reporter-output>
  </reporter-output>
  <suite started-at="2025-09-15T16:25:25 EDT" name="Default suite" finished-at="2025-09-15T16:25:35 EDT" duration-ms="9317">
    <groups>
    </groups>
    <test started-at="2025-09-15T16:25:25 EDT" name="Default test" finished-at="2025-09-15T16:25:35 EDT" duration-ms="9317">
      <class name="testCases.RegisterPage.TC_016_REGISTER">
        <test-method is-config="true" signature="setup()[pri:0, instance:testCases.RegisterPage.TC_016_REGISTER@367ffa75]" started-at="2025-09-15T16:25:25 EDT" name="setup" finished-at="2025-09-15T16:25:31 EDT" duration-ms="6008" status="PASS">
          <reporter-output>
          </reporter-output>
        </test-method> <!-- setup -->
        <test-method signature="testRegisterPageForm_ExceedCharLimit_LastName()[pri:0, instance:testCases.RegisterPage.TC_016_REGISTER@367ffa75]" started-at="2025-09-15T16:25:31 EDT" name="testRegisterPageForm_ExceedCharLimit_LastName" finished-at="2025-09-15T16:25:34 EDT" duration-ms="2988" status="PASS">
          <reporter-output>
          </reporter-output>
        </test-method> <!-- testRegisterPageForm_ExceedCharLimit_LastName -->
        <test-method is-config="true" signature="tearDown()[pri:0, instance:testCases.RegisterPage.TC_016_REGISTER@367ffa75]" started-at="2025-09-15T16:25:34 EDT" name="tearDown" finished-at="2025-09-15T16:25:35 EDT" duration-ms="220" status="PASS">
          <reporter-output>
          </reporter-output>
        </test-method> <!-- tearDown -->
      </class> <!-- testCases.RegisterPage.TC_016_REGISTER -->
    </test> <!-- Default test -->
  </suite> <!-- Default suite -->
</testng-results>
